Success (27):
datatype 5548 {urn:com:appian:types}BAM_Account "{urn:com:appian:types}BAM_Account"
datatype 5358 {urn:com:appian:types:BAM}BAM_Account "{urn:com:appian:types:BAM}BAM_Account"
dataStore 20888 _a-0000e3b8-2279-8000-9ba4-011c48011c48_135213 "BAM Data Store"
content 20341 _a-0000e3b8-2279-8000-9ba4-011c48011c48_135234 "BAM Rules Parent Folder"
content 20342 _a-0000e3b8-2279-8000-9ba4-011c48011c48_135239 "BAM_ Interfaces"
content 20343 _a-0000e3b8-2279-8000-9ba4-011c48011c48_135244 "BAM Constants"
content 20344 _a-0000e3b8-2279-8000-9ba4-011c48011c48_135249 "BAM_SUPERVISOR_DECISION"
content 20345 _a-0000e3b8-2279-8000-9ba4-011c48011c48_135254 "BAM Expressions"
content 20905 _a-0000e3b8-2279-8000-9ba4-011c48011c48_135259 "BAM_AddAccountForm"
content 20502 _a-0000e3b8-2279-8000-9ba4-011c48011c48_136317 "BAM_TASK_EXPIRATION_TIME_IN_HOURS"
content 20503 _a-0000e3b8-2279-8000-9ba4-011c48011c48_136322 "BAM_RETRY_APPROVAL_COUNTER"
content 20505 _a-0000e3b8-2279-8000-9ba4-011c48011c48_136327 "BAM_IsVehicleDenied"
content 20907 _a-0000e3b8-2279-8000-9ba4-011c48011c48_136624 "BAM_AddAccountSummary"
content 20877 _a-0000e3b8-2279-8000-9ba4-011c48011c48_138312 "BAM_IsMobileNumberValid"
content 20891 _a-0000e3b8-2279-8000-9ba4-011c48011c48_138809 "BAM_ACCOUNTS_DATA_STORE_ENTITY"
content 20892 _a-0000e3b8-2279-8000-9ba4-011c48011c48_138818 "BAM_AccountGrid"
content 20871 _a-0000e3b8-2279-8000-9ba4-011c48011c48_138827 "BAM_AccountPieChart"
content 20874 _a-0000e3b8-2279-8000-9ba4-011c48011c48_138836 "BAM_AccountsReport"
content 43109 _a-0000e4cc-9c9b-8000-9bac-011c48011c48_435272 "BAM KC"
content 43110 _a-0000e4cc-9c9b-8000-9bac-011c48011c48_435281 "BAM DS"
processModelFolder 50 _g-0000e3b8-2279-8000-f931-7f0000014e7a_290 "BAM Process Model"
processModel 1590 0002e44a-8617-8000-fc12-7f0000014e7a " BAM Add Account Workflow Diagram"
processModel 1680 0002e450-04be-8000-fcb2-7f0000014e7a "BAM Update Account"
application 20335 _a-0000e3b8-2279-8000-9ba4-011c48011c48_135193 "Bank Account Management"
recordType 128 c51ac653-5ea6-4d38-bb92-e7ff39cf321b "BAM Account"
tempoReport 154 d417f9c3-f34a-41c3-bbd9-c4c89b0c639d "Accounts Summary"
site 89 00f9eeaa-4493-4c53-a7f5-81aa1d8bcb15 "Bank Account Management"

Referenced precedents that were not exported (2):
user Shivanshoo Shivanshoo
user Sachin Sachin

Trace:
2020-10-13 08:59:09.903 DEBUG application 20335 _a-0000e3b8-2279-8000-9ba4-011c48011c48_135193 Begin transport.
2020-10-13 08:59:09.903 DEBUG application 20335 _a-0000e3b8-2279-8000-9ba4-011c48011c48_135193 Retrieving object data.
2020-10-13 08:59:09.91 DEBUG application 20335 _a-0000e3b8-2279-8000-9ba4-011c48011c48_135193 App associated objects: [datatype=[{urn:com:appian:types}BAM_Account, {urn:com:appian:types:BAM}BAM_Account],dataStore=[_a-0000e3b8-2279-8000-9ba4-011c48011c48_135213],content=[_a-0000e3b8-2279-8000-9ba4-011c48011c48_135234, _a-0000e3b8-2279-8000-9ba4-011c48011c48_135239, _a-0000e3b8-2279-8000-9ba4-011c48011c48_135244, _a-0000e3b8-2279-8000-9ba4-011c48011c48_135249, _a-0000e3b8-2279-8000-9ba4-011c48011c48_135254, _a-0000e3b8-2279-8000-9ba4-011c48011c48_135259, _a-0000e3b8-2279-8000-9ba4-011c48011c48_136317, _a-0000e3b8-2279-8000-9ba4-011c48011c48_136322, _a-0000e3b8-2279-8000-9ba4-011c48011c48_136327, _a-0000e3b8-2279-8000-9ba4-011c48011c48_136624, _a-0000e3b8-2279-8000-9ba4-011c48011c48_138312, _a-0000e3b8-2279-8000-9ba4-011c48011c48_138809, _a-0000e3b8-2279-8000-9ba4-011c48011c48_138818, _a-0000e3b8-2279-8000-9ba4-011c48011c48_138827, _a-0000e3b8-2279-8000-9ba4-011c48011c48_138836, _a-0000e4cc-9c9b-8000-9bac-011c48011c48_435272, _a-0000e4cc-9c9b-8000-9bac-011c48011c48_435281, _a-0000e4cc-9c9b-8000-9bac-011c48011c48_435293],processModelFolder=[_g-0000e3b8-2279-8000-f931-7f0000014e7a_290],processModel=[0002e44a-8617-8000-fc12-7f0000014e7a, 0002e450-04be-8000-fcb2-7f0000014e7a],recordType=[c51ac653-5ea6-4d38-bb92-e7ff39cf321b],tempoReport=[d417f9c3-f34a-41c3-bbd9-c4c89b0c639d],site=[00f9eeaa-4493-4c53-a7f5-81aa1d8bcb15]]
2020-10-13 08:59:09.922 DEBUG application 20335 _a-0000e3b8-2279-8000-9ba4-011c48011c48_135193 Invalid associated objects: [content=[_a-0000e4cc-9c9b-8000-9bac-011c48011c48_435293]]
2020-10-13 08:59:09.922 DEBUG application 20335 _a-0000e3b8-2279-8000-9ba4-011c48011c48_135193 Adding valid associated objects to be exported: GlobalBindingMap[datatype={{urn:com:appian:types}BAM_Account=5548, {urn:com:appian:types:BAM}BAM_Account=5358},dataStore={_a-0000e3b8-2279-8000-9ba4-011c48011c48_135213=20888},content={_a-0000e3b8-2279-8000-9ba4-011c48011c48_135234=20341, _a-0000e3b8-2279-8000-9ba4-011c48011c48_135239=20342, _a-0000e3b8-2279-8000-9ba4-011c48011c48_135244=20343, _a-0000e3b8-2279-8000-9ba4-011c48011c48_135249=20344, _a-0000e3b8-2279-8000-9ba4-011c48011c48_135254=20345, _a-0000e3b8-2279-8000-9ba4-011c48011c48_135259=20905, _a-0000e3b8-2279-8000-9ba4-011c48011c48_136317=20502, _a-0000e3b8-2279-8000-9ba4-011c48011c48_136322=20503, _a-0000e3b8-2279-8000-9ba4-011c48011c48_136327=20505, _a-0000e3b8-2279-8000-9ba4-011c48011c48_136624=20907, _a-0000e3b8-2279-8000-9ba4-011c48011c48_138312=20877, _a-0000e3b8-2279-8000-9ba4-011c48011c48_138809=20891, _a-0000e3b8-2279-8000-9ba4-011c48011c48_138818=20892, _a-0000e3b8-2279-8000-9ba4-011c48011c48_138827=20871, _a-0000e3b8-2279-8000-9ba4-011c48011c48_138836=20874, _a-0000e4cc-9c9b-8000-9bac-011c48011c48_435272=43109, _a-0000e4cc-9c9b-8000-9bac-011c48011c48_435281=43110},processModelFolder={_g-0000e3b8-2279-8000-f931-7f0000014e7a_290=50},processModel={0002e44a-8617-8000-fc12-7f0000014e7a=1590, 0002e450-04be-8000-fcb2-7f0000014e7a=1680},recordType={c51ac653-5ea6-4d38-bb92-e7ff39cf321b=128},tempoReport={d417f9c3-f34a-41c3-bbd9-c4c89b0c639d=154},site={00f9eeaa-4493-4c53-a7f5-81aa1d8bcb15=89}]
2020-10-13 08:59:09.922 DEBUG application 20335 _a-0000e3b8-2279-8000-9ba4-011c48011c48_135193 Setting uuids of object references.
2020-10-13 08:59:09.922 DEBUG application 20335 _a-0000e3b8-2279-8000-9ba4-011c48011c48_135193 Processing reference: Application.forum
2020-10-13 08:59:09.923 DEBUG application 20335 _a-0000e3b8-2279-8000-9ba4-011c48011c48_135193 Processing reference: Application.parent
2020-10-13 08:59:09.926 DEBUG application 20335 _a-0000e3b8-2279-8000-9ba4-011c48011c48_135193 Processing reference: com.appiancorp.suiteapi.content.ContentRoleMap@3e83d479[
  ContentRole[name=readers,inherit=false,allowForAll=false]
  ContentRole[name=authors,inherit=false,allowForAll=false]
  ContentRole[name=administrators,usernames=[Shivanshoo],inherit=false,allowForAll=false]
  ContentRole[name=denyReaders,inherit=false,allowForAll=false]
  ContentRole[name=denyAuthors,inherit=false,allowForAll=false]
  ContentRole[name=denyAdministrators,inherit=false,allowForAll=false]
  securityVector=129:SEC_PUBLIC=true,SEC_CREATOR_ADMIN=true,SEC_INH_ADMIN=false,SEC_INH_EDITOR=false,SEC_INH_VIEWER=false,SEC_ALL_ADMIN=false,SEC_ALL_EDITOR=false,SEC_ALL_VIEWER=false
]
2020-10-13 08:59:09.926 DEBUG application 20335 _a-0000e3b8-2279-8000-9ba4-011c48011c48_135193 Processing reference: ContentRole[name=readers,inherit=false,allowForAll=false]
2020-10-13 08:59:09.926 DEBUG application 20335 _a-0000e3b8-2279-8000-9ba4-011c48011c48_135193 Processing reference: ContentRole[name=authors,inherit=false,allowForAll=false]
2020-10-13 08:59:09.926 DEBUG application 20335 _a-0000e3b8-2279-8000-9ba4-011c48011c48_135193 Processing reference: ContentRole[name=administrators,usernames=[Shivanshoo],inherit=false,allowForAll=false]
2020-10-13 08:59:09.927 DEBUG application 20335 _a-0000e3b8-2279-8000-9ba4-011c48011c48_135193 Processing reference: ContentRole[name=denyReaders,inherit=false,allowForAll=false]
2020-10-13 08:59:09.927 DEBUG application 20335 _a-0000e3b8-2279-8000-9ba4-011c48011c48_135193 Processing reference: ContentRole[name=denyAuthors,inherit=false,allowForAll=false]
2020-10-13 08:59:09.927 DEBUG application 20335 _a-0000e3b8-2279-8000-9ba4-011c48011c48_135193 Processing reference: ContentRole[name=denyAdministrators,inherit=false,allowForAll=false]
2020-10-13 08:59:09.927 DEBUG datatype 5548 {urn:com:appian:types}BAM_Account Begin transport.
2020-10-13 08:59:09.927 DEBUG datatype 5548 {urn:com:appian:types}BAM_Account Retrieving object data.
2020-10-13 08:59:09.962 DEBUG datatype 5548 {urn:com:appian:types}BAM_Account Setting uuids of object references.
2020-10-13 08:59:09.964 DEBUG datatype 5548 {urn:com:appian:types}BAM_Account Completing produce.
2020-10-13 08:59:09.964 DEBUG datatype 5548 {urn:com:appian:types}BAM_Account Exporting binary resources.
2020-10-13 08:59:09.964 DEBUG datatype 5548 {urn:com:appian:types}BAM_Account Serializing object to XML.
2020-10-13 08:59:09.968 DEBUG datatype 5548 {urn:com:appian:types}BAM_Account Object transported.
2020-10-13 08:59:09.968 DEBUG datatype 5358 {urn:com:appian:types:BAM}BAM_Account Begin transport.
2020-10-13 08:59:09.968 DEBUG datatype 5358 {urn:com:appian:types:BAM}BAM_Account Retrieving object data.
2020-10-13 08:59:09.994 DEBUG datatype 5358 {urn:com:appian:types:BAM}BAM_Account Setting uuids of object references.
2020-10-13 08:59:09.995 DEBUG datatype 5358 {urn:com:appian:types:BAM}BAM_Account Completing produce.
2020-10-13 08:59:09.995 DEBUG datatype 5358 {urn:com:appian:types:BAM}BAM_Account Exporting binary resources.
2020-10-13 08:59:09.995 DEBUG datatype 5358 {urn:com:appian:types:BAM}BAM_Account Serializing object to XML.
2020-10-13 08:59:09.999 DEBUG datatype 5358 {urn:com:appian:types:BAM}BAM_Account Object transported.
2020-10-13 08:59:10.003 DEBUG dataStore 20888 _a-0000e3b8-2279-8000-9ba4-011c48011c48_135213 Begin transport.
2020-10-13 08:59:10.003 DEBUG dataStore 20888 _a-0000e3b8-2279-8000-9ba4-011c48011c48_135213 Retrieving object data.
2020-10-13 08:59:10.01 DEBUG dataStore 20888 _a-0000e3b8-2279-8000-9ba4-011c48011c48_135213 Setting uuids of object references.
2020-10-13 08:59:10.012 DEBUG dataStore 20888 _a-0000e3b8-2279-8000-9ba4-011c48011c48_135213 Processing reference: datatypeRef[id=5358]
2020-10-13 08:59:10.013 DEBUG dataStore 20888 _a-0000e3b8-2279-8000-9ba4-011c48011c48_135213 Processing reference: ContentRole[name=administrators,usernames=[Shivanshoo],inherit=false,allowForAll=false]
2020-10-13 08:59:10.015 DEBUG dataStore 20888 _a-0000e3b8-2279-8000-9ba4-011c48011c48_135213 Processing reference: ContentRole[name=authors,inherit=false,allowForAll=false]
2020-10-13 08:59:10.015 DEBUG dataStore 20888 _a-0000e3b8-2279-8000-9ba4-011c48011c48_135213 Processing reference: ContentRole[name=denyAdministrators,inherit=false,allowForAll=false]
2020-10-13 08:59:10.015 DEBUG dataStore 20888 _a-0000e3b8-2279-8000-9ba4-011c48011c48_135213 Processing reference: ContentRole[name=denyAuthors,inherit=false,allowForAll=false]
2020-10-13 08:59:10.015 DEBUG dataStore 20888 _a-0000e3b8-2279-8000-9ba4-011c48011c48_135213 Processing reference: ContentRole[name=denyReaders,inherit=false,allowForAll=false]
2020-10-13 08:59:10.015 DEBUG dataStore 20888 _a-0000e3b8-2279-8000-9ba4-011c48011c48_135213 Processing reference: ContentRole[name=readers,inherit=false,allowForAll=false]
2020-10-13 08:59:10.015 DEBUG dataStore 20888 _a-0000e3b8-2279-8000-9ba4-011c48011c48_135213 Completing produce.
2020-10-13 08:59:10.015 DEBUG dataStore 20888 _a-0000e3b8-2279-8000-9ba4-011c48011c48_135213 Exporting binary resources.
2020-10-13 08:59:10.015 DEBUG dataStore 20888 _a-0000e3b8-2279-8000-9ba4-011c48011c48_135213 Serializing object to XML.
2020-10-13 08:59:10.019 DEBUG dataStore 20888 _a-0000e3b8-2279-8000-9ba4-011c48011c48_135213 Object transported.
2020-10-13 08:59:10.029 DEBUG content 20341 _a-0000e3b8-2279-8000-9ba4-011c48011c48_135234 Begin transport.
2020-10-13 08:59:10.029 DEBUG content 20341 _a-0000e3b8-2279-8000-9ba4-011c48011c48_135234 Retrieving object data.
2020-10-13 08:59:10.038 DEBUG content 20341 _a-0000e3b8-2279-8000-9ba4-011c48011c48_135234 Setting uuids of object references.
2020-10-13 08:59:10.038 DEBUG content 20341 _a-0000e3b8-2279-8000-9ba4-011c48011c48_135234 Processing reference: RulesFolder.forum
2020-10-13 08:59:10.039 DEBUG content 20341 _a-0000e3b8-2279-8000-9ba4-011c48011c48_135234 Processing reference: RulesFolder.parent
2020-10-13 08:59:10.042 DEBUG content 20341 _a-0000e3b8-2279-8000-9ba4-011c48011c48_135234 Processing reference: com.appiancorp.suiteapi.content.ContentRoleMap@3331f030[
  ContentRole[name=readers,inherit=false,allowForAll=false]
  ContentRole[name=authors,inherit=false,allowForAll=false]
  ContentRole[name=administrators,usernames=[Shivanshoo],inherit=false,allowForAll=false]
  ContentRole[name=denyReaders,inherit=false,allowForAll=false]
  ContentRole[name=denyAuthors,inherit=false,allowForAll=false]
  ContentRole[name=denyAdministrators,inherit=false,allowForAll=false]
  securityVector=129:SEC_PUBLIC=true,SEC_CREATOR_ADMIN=true,SEC_INH_ADMIN=false,SEC_INH_EDITOR=false,SEC_INH_VIEWER=false,SEC_ALL_ADMIN=false,SEC_ALL_EDITOR=false,SEC_ALL_VIEWER=false
]
2020-10-13 08:59:10.042 DEBUG content 20341 _a-0000e3b8-2279-8000-9ba4-011c48011c48_135234 Processing reference: ContentRole[name=readers,inherit=false,allowForAll=false]
2020-10-13 08:59:10.042 DEBUG content 20341 _a-0000e3b8-2279-8000-9ba4-011c48011c48_135234 Processing reference: ContentRole[name=authors,inherit=false,allowForAll=false]
2020-10-13 08:59:10.042 DEBUG content 20341 _a-0000e3b8-2279-8000-9ba4-011c48011c48_135234 Processing reference: ContentRole[name=administrators,usernames=[Shivanshoo],inherit=false,allowForAll=false]
2020-10-13 08:59:10.043 DEBUG content 20341 _a-0000e3b8-2279-8000-9ba4-011c48011c48_135234 Processing reference: ContentRole[name=denyReaders,inherit=false,allowForAll=false]
2020-10-13 08:59:10.043 DEBUG content 20341 _a-0000e3b8-2279-8000-9ba4-011c48011c48_135234 Processing reference: ContentRole[name=denyAuthors,inherit=false,allowForAll=false]
2020-10-13 08:59:10.043 DEBUG content 20341 _a-0000e3b8-2279-8000-9ba4-011c48011c48_135234 Processing reference: ContentRole[name=denyAdministrators,inherit=false,allowForAll=false]
2020-10-13 08:59:10.043 DEBUG content 20341 _a-0000e3b8-2279-8000-9ba4-011c48011c48_135234 Completing produce.
2020-10-13 08:59:10.043 DEBUG content 20341 _a-0000e3b8-2279-8000-9ba4-011c48011c48_135234 Exporting binary resources.
2020-10-13 08:59:10.043 DEBUG content 20341 _a-0000e3b8-2279-8000-9ba4-011c48011c48_135234 Serializing object to XML.
2020-10-13 08:59:10.047 DEBUG content 20341 _a-0000e3b8-2279-8000-9ba4-011c48011c48_135234 Object transported.
2020-10-13 08:59:10.047 DEBUG content 20342 _a-0000e3b8-2279-8000-9ba4-011c48011c48_135239 Begin transport.
2020-10-13 08:59:10.047 DEBUG content 20342 _a-0000e3b8-2279-8000-9ba4-011c48011c48_135239 Retrieving object data.
2020-10-13 08:59:10.056 DEBUG content 20342 _a-0000e3b8-2279-8000-9ba4-011c48011c48_135239 Setting uuids of object references.
2020-10-13 08:59:10.056 DEBUG content 20342 _a-0000e3b8-2279-8000-9ba4-011c48011c48_135239 Processing reference: RulesFolder.forum
2020-10-13 08:59:10.056 DEBUG content 20342 _a-0000e3b8-2279-8000-9ba4-011c48011c48_135239 Processing reference: RulesFolder.parent
2020-10-13 08:59:10.058 DEBUG content 20342 _a-0000e3b8-2279-8000-9ba4-011c48011c48_135239 Processing reference: com.appiancorp.suiteapi.content.ContentRoleMap@45924510[
  ContentRole[name=readers,inherit=true,allowForAll=false]
  ContentRole[name=authors,inherit=true,allowForAll=false]
  ContentRole[name=administrators,usernames=[Shivanshoo],inherit=true,allowForAll=false]
  ContentRole[name=denyReaders,inherit=false,allowForAll=false]
  ContentRole[name=denyAuthors,inherit=false,allowForAll=false]
  ContentRole[name=denyAdministrators,inherit=false,allowForAll=false]
  securityVector=143:SEC_PUBLIC=true,SEC_CREATOR_ADMIN=true,SEC_INH_ADMIN=true,SEC_INH_EDITOR=true,SEC_INH_VIEWER=true,SEC_ALL_ADMIN=false,SEC_ALL_EDITOR=false,SEC_ALL_VIEWER=false
]
2020-10-13 08:59:10.058 DEBUG content 20342 _a-0000e3b8-2279-8000-9ba4-011c48011c48_135239 Processing reference: ContentRole[name=readers,inherit=true,allowForAll=false]
2020-10-13 08:59:10.059 DEBUG content 20342 _a-0000e3b8-2279-8000-9ba4-011c48011c48_135239 Processing reference: ContentRole[name=authors,inherit=true,allowForAll=false]
2020-10-13 08:59:10.059 DEBUG content 20342 _a-0000e3b8-2279-8000-9ba4-011c48011c48_135239 Processing reference: ContentRole[name=administrators,usernames=[Shivanshoo],inherit=true,allowForAll=false]
2020-10-13 08:59:10.06 DEBUG content 20342 _a-0000e3b8-2279-8000-9ba4-011c48011c48_135239 Processing reference: ContentRole[name=denyReaders,inherit=false,allowForAll=false]
2020-10-13 08:59:10.06 DEBUG content 20342 _a-0000e3b8-2279-8000-9ba4-011c48011c48_135239 Processing reference: ContentRole[name=denyAuthors,inherit=false,allowForAll=false]
2020-10-13 08:59:10.06 DEBUG content 20342 _a-0000e3b8-2279-8000-9ba4-011c48011c48_135239 Processing reference: ContentRole[name=denyAdministrators,inherit=false,allowForAll=false]
2020-10-13 08:59:10.06 DEBUG content 20342 _a-0000e3b8-2279-8000-9ba4-011c48011c48_135239 Completing produce.
2020-10-13 08:59:10.06 DEBUG content 20342 _a-0000e3b8-2279-8000-9ba4-011c48011c48_135239 Exporting binary resources.
2020-10-13 08:59:10.06 DEBUG content 20342 _a-0000e3b8-2279-8000-9ba4-011c48011c48_135239 Serializing object to XML.
2020-10-13 08:59:10.064 DEBUG content 20342 _a-0000e3b8-2279-8000-9ba4-011c48011c48_135239 Object transported.
2020-10-13 08:59:10.064 DEBUG content 20343 _a-0000e3b8-2279-8000-9ba4-011c48011c48_135244 Begin transport.
2020-10-13 08:59:10.064 DEBUG content 20343 _a-0000e3b8-2279-8000-9ba4-011c48011c48_135244 Retrieving object data.
2020-10-13 08:59:10.072 DEBUG content 20343 _a-0000e3b8-2279-8000-9ba4-011c48011c48_135244 Setting uuids of object references.
2020-10-13 08:59:10.072 DEBUG content 20343 _a-0000e3b8-2279-8000-9ba4-011c48011c48_135244 Processing reference: RulesFolder.forum
2020-10-13 08:59:10.072 DEBUG content 20343 _a-0000e3b8-2279-8000-9ba4-011c48011c48_135244 Processing reference: RulesFolder.parent
2020-10-13 08:59:10.075 DEBUG content 20343 _a-0000e3b8-2279-8000-9ba4-011c48011c48_135244 Processing reference: com.appiancorp.suiteapi.content.ContentRoleMap@7dd045f6[
  ContentRole[name=readers,inherit=true,allowForAll=false]
  ContentRole[name=authors,inherit=true,allowForAll=false]
  ContentRole[name=administrators,usernames=[Shivanshoo],inherit=true,allowForAll=false]
  ContentRole[name=denyReaders,inherit=false,allowForAll=false]
  ContentRole[name=denyAuthors,inherit=false,allowForAll=false]
  ContentRole[name=denyAdministrators,inherit=false,allowForAll=false]
  securityVector=143:SEC_PUBLIC=true,SEC_CREATOR_ADMIN=true,SEC_INH_ADMIN=true,SEC_INH_EDITOR=true,SEC_INH_VIEWER=true,SEC_ALL_ADMIN=false,SEC_ALL_EDITOR=false,SEC_ALL_VIEWER=false
]
2020-10-13 08:59:10.075 DEBUG content 20343 _a-0000e3b8-2279-8000-9ba4-011c48011c48_135244 Processing reference: ContentRole[name=readers,inherit=true,allowForAll=false]
2020-10-13 08:59:10.075 DEBUG content 20343 _a-0000e3b8-2279-8000-9ba4-011c48011c48_135244 Processing reference: ContentRole[name=authors,inherit=true,allowForAll=false]
2020-10-13 08:59:10.075 DEBUG content 20343 _a-0000e3b8-2279-8000-9ba4-011c48011c48_135244 Processing reference: ContentRole[name=administrators,usernames=[Shivanshoo],inherit=true,allowForAll=false]
2020-10-13 08:59:10.076 DEBUG content 20343 _a-0000e3b8-2279-8000-9ba4-011c48011c48_135244 Processing reference: ContentRole[name=denyReaders,inherit=false,allowForAll=false]
2020-10-13 08:59:10.076 DEBUG content 20343 _a-0000e3b8-2279-8000-9ba4-011c48011c48_135244 Processing reference: ContentRole[name=denyAuthors,inherit=false,allowForAll=false]
2020-10-13 08:59:10.076 DEBUG content 20343 _a-0000e3b8-2279-8000-9ba4-011c48011c48_135244 Processing reference: ContentRole[name=denyAdministrators,inherit=false,allowForAll=false]
2020-10-13 08:59:10.076 DEBUG content 20343 _a-0000e3b8-2279-8000-9ba4-011c48011c48_135244 Completing produce.
2020-10-13 08:59:10.076 DEBUG content 20343 _a-0000e3b8-2279-8000-9ba4-011c48011c48_135244 Exporting binary resources.
2020-10-13 08:59:10.076 DEBUG content 20343 _a-0000e3b8-2279-8000-9ba4-011c48011c48_135244 Serializing object to XML.
2020-10-13 08:59:10.08 DEBUG content 20343 _a-0000e3b8-2279-8000-9ba4-011c48011c48_135244 Object transported.
2020-10-13 08:59:10.08 DEBUG content 20344 _a-0000e3b8-2279-8000-9ba4-011c48011c48_135249 Begin transport.
2020-10-13 08:59:10.08 DEBUG content 20344 _a-0000e3b8-2279-8000-9ba4-011c48011c48_135249 Retrieving object data.
2020-10-13 08:59:10.088 DEBUG content 20344 _a-0000e3b8-2279-8000-9ba4-011c48011c48_135249 Setting uuids of object references.
2020-10-13 08:59:10.088 DEBUG content 20344 _a-0000e3b8-2279-8000-9ba4-011c48011c48_135249 Processing reference: [Content:id=20344,versionId=-1,name=BAM_SUPERVISOR_DECISION,type=32,subtype=0,uuid=_a-0000e3b8-2279-8000-9ba4-011c48011c48_135249,parent=20343]
2020-10-13 08:59:10.088 DEBUG content 20344 _a-0000e3b8-2279-8000-9ba4-011c48011c48_135249 Processing reference: Constant.forum
2020-10-13 08:59:10.089 DEBUG content 20344 _a-0000e3b8-2279-8000-9ba4-011c48011c48_135249 Processing reference: Constant.parent
2020-10-13 08:59:10.094 DEBUG content 20344 _a-0000e3b8-2279-8000-9ba4-011c48011c48_135249 Processing reference: com.appiancorp.suiteapi.content.ContentRoleMap@17f7052c[
  ContentRole[name=readers,inherit=true,allowForAll=false]
  ContentRole[name=authors,inherit=true,allowForAll=false]
  ContentRole[name=administrators,usernames=[Shivanshoo],inherit=true,allowForAll=false]
  ContentRole[name=denyReaders,inherit=false,allowForAll=false]
  ContentRole[name=denyAuthors,inherit=false,allowForAll=false]
  ContentRole[name=denyAdministrators,inherit=false,allowForAll=false]
  securityVector=143:SEC_PUBLIC=true,SEC_CREATOR_ADMIN=true,SEC_INH_ADMIN=true,SEC_INH_EDITOR=true,SEC_INH_VIEWER=true,SEC_ALL_ADMIN=false,SEC_ALL_EDITOR=false,SEC_ALL_VIEWER=false
]
2020-10-13 08:59:10.094 DEBUG content 20344 _a-0000e3b8-2279-8000-9ba4-011c48011c48_135249 Processing reference: ContentRole[name=readers,inherit=true,allowForAll=false]
2020-10-13 08:59:10.094 DEBUG content 20344 _a-0000e3b8-2279-8000-9ba4-011c48011c48_135249 Processing reference: ContentRole[name=authors,inherit=true,allowForAll=false]
2020-10-13 08:59:10.094 DEBUG content 20344 _a-0000e3b8-2279-8000-9ba4-011c48011c48_135249 Processing reference: ContentRole[name=administrators,usernames=[Shivanshoo],inherit=true,allowForAll=false]
2020-10-13 08:59:10.095 DEBUG content 20344 _a-0000e3b8-2279-8000-9ba4-011c48011c48_135249 Processing reference: ContentRole[name=denyReaders,inherit=false,allowForAll=false]
2020-10-13 08:59:10.095 DEBUG content 20344 _a-0000e3b8-2279-8000-9ba4-011c48011c48_135249 Processing reference: ContentRole[name=denyAuthors,inherit=false,allowForAll=false]
2020-10-13 08:59:10.095 DEBUG content 20344 _a-0000e3b8-2279-8000-9ba4-011c48011c48_135249 Processing reference: ContentRole[name=denyAdministrators,inherit=false,allowForAll=false]
2020-10-13 08:59:10.095 DEBUG content 20344 _a-0000e3b8-2279-8000-9ba4-011c48011c48_135249 Completing produce.
2020-10-13 08:59:10.095 DEBUG content 20344 _a-0000e3b8-2279-8000-9ba4-011c48011c48_135249 Exporting binary resources.
2020-10-13 08:59:10.095 DEBUG content 20344 _a-0000e3b8-2279-8000-9ba4-011c48011c48_135249 Serializing object to XML.
2020-10-13 08:59:10.103 DEBUG content 20344 _a-0000e3b8-2279-8000-9ba4-011c48011c48_135249 Object transported.
2020-10-13 08:59:10.103 DEBUG content 20345 _a-0000e3b8-2279-8000-9ba4-011c48011c48_135254 Begin transport.
2020-10-13 08:59:10.103 DEBUG content 20345 _a-0000e3b8-2279-8000-9ba4-011c48011c48_135254 Retrieving object data.
2020-10-13 08:59:10.11 DEBUG content 20345 _a-0000e3b8-2279-8000-9ba4-011c48011c48_135254 Setting uuids of object references.
2020-10-13 08:59:10.11 DEBUG content 20345 _a-0000e3b8-2279-8000-9ba4-011c48011c48_135254 Processing reference: RulesFolder.forum
2020-10-13 08:59:10.11 DEBUG content 20345 _a-0000e3b8-2279-8000-9ba4-011c48011c48_135254 Processing reference: RulesFolder.parent
2020-10-13 08:59:10.113 DEBUG content 20345 _a-0000e3b8-2279-8000-9ba4-011c48011c48_135254 Processing reference: com.appiancorp.suiteapi.content.ContentRoleMap@1144a4c[
  ContentRole[name=readers,inherit=true,allowForAll=false]
  ContentRole[name=authors,inherit=true,allowForAll=false]
  ContentRole[name=administrators,usernames=[Shivanshoo],inherit=true,allowForAll=false]
  ContentRole[name=denyReaders,inherit=false,allowForAll=false]
  ContentRole[name=denyAuthors,inherit=false,allowForAll=false]
  ContentRole[name=denyAdministrators,inherit=false,allowForAll=false]
  securityVector=143:SEC_PUBLIC=true,SEC_CREATOR_ADMIN=true,SEC_INH_ADMIN=true,SEC_INH_EDITOR=true,SEC_INH_VIEWER=true,SEC_ALL_ADMIN=false,SEC_ALL_EDITOR=false,SEC_ALL_VIEWER=false
]
2020-10-13 08:59:10.113 DEBUG content 20345 _a-0000e3b8-2279-8000-9ba4-011c48011c48_135254 Processing reference: ContentRole[name=readers,inherit=true,allowForAll=false]
2020-10-13 08:59:10.113 DEBUG content 20345 _a-0000e3b8-2279-8000-9ba4-011c48011c48_135254 Processing reference: ContentRole[name=authors,inherit=true,allowForAll=false]
2020-10-13 08:59:10.113 DEBUG content 20345 _a-0000e3b8-2279-8000-9ba4-011c48011c48_135254 Processing reference: ContentRole[name=administrators,usernames=[Shivanshoo],inherit=true,allowForAll=false]
2020-10-13 08:59:10.115 DEBUG content 20345 _a-0000e3b8-2279-8000-9ba4-011c48011c48_135254 Processing reference: ContentRole[name=denyReaders,inherit=false,allowForAll=false]
2020-10-13 08:59:10.115 DEBUG content 20345 _a-0000e3b8-2279-8000-9ba4-011c48011c48_135254 Processing reference: ContentRole[name=denyAuthors,inherit=false,allowForAll=false]
2020-10-13 08:59:10.115 DEBUG content 20345 _a-0000e3b8-2279-8000-9ba4-011c48011c48_135254 Processing reference: ContentRole[name=denyAdministrators,inherit=false,allowForAll=false]
2020-10-13 08:59:10.115 DEBUG content 20345 _a-0000e3b8-2279-8000-9ba4-011c48011c48_135254 Completing produce.
2020-10-13 08:59:10.115 DEBUG content 20345 _a-0000e3b8-2279-8000-9ba4-011c48011c48_135254 Exporting binary resources.
2020-10-13 08:59:10.115 DEBUG content 20345 _a-0000e3b8-2279-8000-9ba4-011c48011c48_135254 Serializing object to XML.
2020-10-13 08:59:10.12 DEBUG content 20345 _a-0000e3b8-2279-8000-9ba4-011c48011c48_135254 Object transported.
2020-10-13 08:59:10.12 DEBUG content 20905 _a-0000e3b8-2279-8000-9ba4-011c48011c48_135259 Begin transport.
2020-10-13 08:59:10.12 DEBUG content 20905 _a-0000e3b8-2279-8000-9ba4-011c48011c48_135259 Retrieving object data.
2020-10-13 08:59:10.13 DEBUG content 20905 _a-0000e3b8-2279-8000-9ba4-011c48011c48_135259 Setting uuids of object references.
2020-10-13 08:59:10.13 DEBUG content 20905 _a-0000e3b8-2279-8000-9ba4-011c48011c48_135259 Processing reference: [Content:id=20346,versionId=-1,name=BAM_AddAccountForm,type=32,subtype=6,uuid=_a-0000e3b8-2279-8000-9ba4-011c48011c48_135259,parent=20342]
2020-10-13 08:59:10.135 DEBUG content 20905 _a-0000e3b8-2279-8000-9ba4-011c48011c48_135259 Processing reference: Interface.forum
2020-10-13 08:59:10.135 DEBUG content 20905 _a-0000e3b8-2279-8000-9ba4-011c48011c48_135259 Processing reference: TypedVariable[name=BAM_Account,it=5358,v=<null>]
2020-10-13 08:59:10.135 DEBUG content 20905 _a-0000e3b8-2279-8000-9ba4-011c48011c48_135259 Processing reference: TypedVariable[name=cancel,it=26,v=<null>]
2020-10-13 08:59:10.135 DEBUG content 20905 _a-0000e3b8-2279-8000-9ba4-011c48011c48_135259 Processing reference: TypedVariable[name=readOnly,it=26,v=<null>]
2020-10-13 08:59:10.135 DEBUG content 20905 _a-0000e3b8-2279-8000-9ba4-011c48011c48_135259 Processing reference: TypedVariable[name=supervisorComment,it=3,v=]
2020-10-13 08:59:10.135 DEBUG content 20905 _a-0000e3b8-2279-8000-9ba4-011c48011c48_135259 Processing reference: TypedVariable[name=approvalDecision,it=26,v=<null>]
2020-10-13 08:59:10.135 DEBUG content 20905 _a-0000e3b8-2279-8000-9ba4-011c48011c48_135259 Processing reference: Interface.parent
2020-10-13 08:59:10.138 DEBUG content 20905 _a-0000e3b8-2279-8000-9ba4-011c48011c48_135259 Processing reference: com.appiancorp.suiteapi.content.ContentRoleMap@6a93990e[
  ContentRole[name=readers,inherit=true,allowForAll=false]
  ContentRole[name=authors,inherit=true,allowForAll=false]
  ContentRole[name=administrators,usernames=[Shivanshoo],inherit=true,allowForAll=false]
  ContentRole[name=denyReaders,inherit=false,allowForAll=false]
  ContentRole[name=denyAuthors,inherit=false,allowForAll=false]
  ContentRole[name=denyAdministrators,inherit=false,allowForAll=false]
  securityVector=143:SEC_PUBLIC=true,SEC_CREATOR_ADMIN=true,SEC_INH_ADMIN=true,SEC_INH_EDITOR=true,SEC_INH_VIEWER=true,SEC_ALL_ADMIN=false,SEC_ALL_EDITOR=false,SEC_ALL_VIEWER=false
]
2020-10-13 08:59:10.138 DEBUG content 20905 _a-0000e3b8-2279-8000-9ba4-011c48011c48_135259 Processing reference: ContentRole[name=readers,inherit=true,allowForAll=false]
2020-10-13 08:59:10.138 DEBUG content 20905 _a-0000e3b8-2279-8000-9ba4-011c48011c48_135259 Processing reference: ContentRole[name=authors,inherit=true,allowForAll=false]
2020-10-13 08:59:10.138 DEBUG content 20905 _a-0000e3b8-2279-8000-9ba4-011c48011c48_135259 Processing reference: ContentRole[name=administrators,usernames=[Shivanshoo],inherit=true,allowForAll=false]
2020-10-13 08:59:10.139 DEBUG content 20905 _a-0000e3b8-2279-8000-9ba4-011c48011c48_135259 Processing reference: ContentRole[name=denyReaders,inherit=false,allowForAll=false]
2020-10-13 08:59:10.139 DEBUG content 20905 _a-0000e3b8-2279-8000-9ba4-011c48011c48_135259 Processing reference: ContentRole[name=denyAuthors,inherit=false,allowForAll=false]
2020-10-13 08:59:10.139 DEBUG content 20905 _a-0000e3b8-2279-8000-9ba4-011c48011c48_135259 Processing reference: ContentRole[name=denyAdministrators,inherit=false,allowForAll=false]
2020-10-13 08:59:10.139 DEBUG content 20905 _a-0000e3b8-2279-8000-9ba4-011c48011c48_135259 Completing produce.
2020-10-13 08:59:10.139 DEBUG content 20905 _a-0000e3b8-2279-8000-9ba4-011c48011c48_135259 Exporting binary resources.
2020-10-13 08:59:10.139 DEBUG content 20905 _a-0000e3b8-2279-8000-9ba4-011c48011c48_135259 Serializing object to XML.
2020-10-13 08:59:10.148 DEBUG content 20905 _a-0000e3b8-2279-8000-9ba4-011c48011c48_135259 Object transported.
2020-10-13 08:59:10.148 DEBUG content 20502 _a-0000e3b8-2279-8000-9ba4-011c48011c48_136317 Begin transport.
2020-10-13 08:59:10.148 DEBUG content 20502 _a-0000e3b8-2279-8000-9ba4-011c48011c48_136317 Retrieving object data.
2020-10-13 08:59:10.156 DEBUG content 20502 _a-0000e3b8-2279-8000-9ba4-011c48011c48_136317 Setting uuids of object references.
2020-10-13 08:59:10.156 DEBUG content 20502 _a-0000e3b8-2279-8000-9ba4-011c48011c48_136317 Processing reference: [Content:id=20502,versionId=-1,name=BAM_TASK_EXPIRATION_TIME_IN_HOURS,type=32,subtype=0,uuid=_a-0000e3b8-2279-8000-9ba4-011c48011c48_136317,parent=20343]
2020-10-13 08:59:10.156 DEBUG content 20502 _a-0000e3b8-2279-8000-9ba4-011c48011c48_136317 Processing reference: Constant.forum
2020-10-13 08:59:10.156 DEBUG content 20502 _a-0000e3b8-2279-8000-9ba4-011c48011c48_136317 Processing reference: Constant.parent
2020-10-13 08:59:10.158 DEBUG content 20502 _a-0000e3b8-2279-8000-9ba4-011c48011c48_136317 Processing reference: com.appiancorp.suiteapi.content.ContentRoleMap@49fe8049[
  ContentRole[name=readers,inherit=true,allowForAll=false]
  ContentRole[name=authors,inherit=true,allowForAll=false]
  ContentRole[name=administrators,usernames=[Shivanshoo],inherit=true,allowForAll=false]
  ContentRole[name=denyReaders,inherit=false,allowForAll=false]
  ContentRole[name=denyAuthors,inherit=false,allowForAll=false]
  ContentRole[name=denyAdministrators,inherit=false,allowForAll=false]
  securityVector=143:SEC_PUBLIC=true,SEC_CREATOR_ADMIN=true,SEC_INH_ADMIN=true,SEC_INH_EDITOR=true,SEC_INH_VIEWER=true,SEC_ALL_ADMIN=false,SEC_ALL_EDITOR=false,SEC_ALL_VIEWER=false
]
2020-10-13 08:59:10.158 DEBUG content 20502 _a-0000e3b8-2279-8000-9ba4-011c48011c48_136317 Processing reference: ContentRole[name=readers,inherit=true,allowForAll=false]
2020-10-13 08:59:10.158 DEBUG content 20502 _a-0000e3b8-2279-8000-9ba4-011c48011c48_136317 Processing reference: ContentRole[name=authors,inherit=true,allowForAll=false]
2020-10-13 08:59:10.158 DEBUG content 20502 _a-0000e3b8-2279-8000-9ba4-011c48011c48_136317 Processing reference: ContentRole[name=administrators,usernames=[Shivanshoo],inherit=true,allowForAll=false]
2020-10-13 08:59:10.159 DEBUG content 20502 _a-0000e3b8-2279-8000-9ba4-011c48011c48_136317 Processing reference: ContentRole[name=denyReaders,inherit=false,allowForAll=false]
2020-10-13 08:59:10.159 DEBUG content 20502 _a-0000e3b8-2279-8000-9ba4-011c48011c48_136317 Processing reference: ContentRole[name=denyAuthors,inherit=false,allowForAll=false]
2020-10-13 08:59:10.159 DEBUG content 20502 _a-0000e3b8-2279-8000-9ba4-011c48011c48_136317 Processing reference: ContentRole[name=denyAdministrators,inherit=false,allowForAll=false]
2020-10-13 08:59:10.16 DEBUG content 20502 _a-0000e3b8-2279-8000-9ba4-011c48011c48_136317 Completing produce.
2020-10-13 08:59:10.16 DEBUG content 20502 _a-0000e3b8-2279-8000-9ba4-011c48011c48_136317 Exporting binary resources.
2020-10-13 08:59:10.16 DEBUG content 20502 _a-0000e3b8-2279-8000-9ba4-011c48011c48_136317 Serializing object to XML.
2020-10-13 08:59:10.166 DEBUG content 20502 _a-0000e3b8-2279-8000-9ba4-011c48011c48_136317 Object transported.
2020-10-13 08:59:10.166 DEBUG content 20503 _a-0000e3b8-2279-8000-9ba4-011c48011c48_136322 Begin transport.
2020-10-13 08:59:10.166 DEBUG content 20503 _a-0000e3b8-2279-8000-9ba4-011c48011c48_136322 Retrieving object data.
2020-10-13 08:59:10.174 DEBUG content 20503 _a-0000e3b8-2279-8000-9ba4-011c48011c48_136322 Setting uuids of object references.
2020-10-13 08:59:10.174 DEBUG content 20503 _a-0000e3b8-2279-8000-9ba4-011c48011c48_136322 Processing reference: [Content:id=20503,versionId=-1,name=BAM_RETRY_APPROVAL_COUNTER,type=32,subtype=0,uuid=_a-0000e3b8-2279-8000-9ba4-011c48011c48_136322,parent=20343]
2020-10-13 08:59:10.174 DEBUG content 20503 _a-0000e3b8-2279-8000-9ba4-011c48011c48_136322 Processing reference: Constant.forum
2020-10-13 08:59:10.174 DEBUG content 20503 _a-0000e3b8-2279-8000-9ba4-011c48011c48_136322 Processing reference: Constant.parent
2020-10-13 08:59:10.176 DEBUG content 20503 _a-0000e3b8-2279-8000-9ba4-011c48011c48_136322 Processing reference: com.appiancorp.suiteapi.content.ContentRoleMap@31ee2388[
  ContentRole[name=readers,inherit=true,allowForAll=false]
  ContentRole[name=authors,inherit=true,allowForAll=false]
  ContentRole[name=administrators,usernames=[Shivanshoo],inherit=true,allowForAll=false]
  ContentRole[name=denyReaders,inherit=false,allowForAll=false]
  ContentRole[name=denyAuthors,inherit=false,allowForAll=false]
  ContentRole[name=denyAdministrators,inherit=false,allowForAll=false]
  securityVector=143:SEC_PUBLIC=true,SEC_CREATOR_ADMIN=true,SEC_INH_ADMIN=true,SEC_INH_EDITOR=true,SEC_INH_VIEWER=true,SEC_ALL_ADMIN=false,SEC_ALL_EDITOR=false,SEC_ALL_VIEWER=false
]
2020-10-13 08:59:10.176 DEBUG content 20503 _a-0000e3b8-2279-8000-9ba4-011c48011c48_136322 Processing reference: ContentRole[name=readers,inherit=true,allowForAll=false]
2020-10-13 08:59:10.176 DEBUG content 20503 _a-0000e3b8-2279-8000-9ba4-011c48011c48_136322 Processing reference: ContentRole[name=authors,inherit=true,allowForAll=false]
2020-10-13 08:59:10.176 DEBUG content 20503 _a-0000e3b8-2279-8000-9ba4-011c48011c48_136322 Processing reference: ContentRole[name=administrators,usernames=[Shivanshoo],inherit=true,allowForAll=false]
2020-10-13 08:59:10.177 DEBUG content 20503 _a-0000e3b8-2279-8000-9ba4-011c48011c48_136322 Processing reference: ContentRole[name=denyReaders,inherit=false,allowForAll=false]
2020-10-13 08:59:10.178 DEBUG content 20503 _a-0000e3b8-2279-8000-9ba4-011c48011c48_136322 Processing reference: ContentRole[name=denyAuthors,inherit=false,allowForAll=false]
2020-10-13 08:59:10.178 DEBUG content 20503 _a-0000e3b8-2279-8000-9ba4-011c48011c48_136322 Processing reference: ContentRole[name=denyAdministrators,inherit=false,allowForAll=false]
2020-10-13 08:59:10.178 DEBUG content 20503 _a-0000e3b8-2279-8000-9ba4-011c48011c48_136322 Completing produce.
2020-10-13 08:59:10.178 DEBUG content 20503 _a-0000e3b8-2279-8000-9ba4-011c48011c48_136322 Exporting binary resources.
2020-10-13 08:59:10.178 DEBUG content 20503 _a-0000e3b8-2279-8000-9ba4-011c48011c48_136322 Serializing object to XML.
2020-10-13 08:59:10.184 DEBUG content 20503 _a-0000e3b8-2279-8000-9ba4-011c48011c48_136322 Object transported.
2020-10-13 08:59:10.184 DEBUG content 20505 _a-0000e3b8-2279-8000-9ba4-011c48011c48_136327 Begin transport.
2020-10-13 08:59:10.184 DEBUG content 20505 _a-0000e3b8-2279-8000-9ba4-011c48011c48_136327 Retrieving object data.
2020-10-13 08:59:10.192 DEBUG content 20505 _a-0000e3b8-2279-8000-9ba4-011c48011c48_136327 Setting uuids of object references.
2020-10-13 08:59:10.192 DEBUG content 20505 _a-0000e3b8-2279-8000-9ba4-011c48011c48_136327 Processing reference: [Content:id=20504,versionId=-1,name=BAM_IsVehicleDenied,type=32,subtype=1,uuid=_a-0000e3b8-2279-8000-9ba4-011c48011c48_136327,parent=20345]
2020-10-13 08:59:10.201 DEBUG content 20505 _a-0000e3b8-2279-8000-9ba4-011c48011c48_136327 Processing reference: FreeformRule.forum
2020-10-13 08:59:10.201 DEBUG content 20505 _a-0000e3b8-2279-8000-9ba4-011c48011c48_136327 Processing reference: TypedVariable[name=counter,it=1,v=<null>]
2020-10-13 08:59:10.201 DEBUG content 20505 _a-0000e3b8-2279-8000-9ba4-011c48011c48_136327 Processing reference: TypedVariable[name=decision,it=3,v=]
2020-10-13 08:59:10.201 DEBUG content 20505 _a-0000e3b8-2279-8000-9ba4-011c48011c48_136327 Processing reference: FreeformRule.parent
2020-10-13 08:59:10.204 DEBUG content 20505 _a-0000e3b8-2279-8000-9ba4-011c48011c48_136327 Processing reference: com.appiancorp.suiteapi.content.ContentRoleMap@282959ea[
  ContentRole[name=readers,inherit=true,allowForAll=false]
  ContentRole[name=authors,inherit=true,allowForAll=false]
  ContentRole[name=administrators,usernames=[Shivanshoo],inherit=true,allowForAll=false]
  ContentRole[name=denyReaders,inherit=false,allowForAll=false]
  ContentRole[name=denyAuthors,inherit=false,allowForAll=false]
  ContentRole[name=denyAdministrators,inherit=false,allowForAll=false]
  securityVector=143:SEC_PUBLIC=true,SEC_CREATOR_ADMIN=true,SEC_INH_ADMIN=true,SEC_INH_EDITOR=true,SEC_INH_VIEWER=true,SEC_ALL_ADMIN=false,SEC_ALL_EDITOR=false,SEC_ALL_VIEWER=false
]
2020-10-13 08:59:10.204 DEBUG content 20505 _a-0000e3b8-2279-8000-9ba4-011c48011c48_136327 Processing reference: ContentRole[name=readers,inherit=true,allowForAll=false]
2020-10-13 08:59:10.204 DEBUG content 20505 _a-0000e3b8-2279-8000-9ba4-011c48011c48_136327 Processing reference: ContentRole[name=authors,inherit=true,allowForAll=false]
2020-10-13 08:59:10.204 DEBUG content 20505 _a-0000e3b8-2279-8000-9ba4-011c48011c48_136327 Processing reference: ContentRole[name=administrators,usernames=[Shivanshoo],inherit=true,allowForAll=false]
2020-10-13 08:59:10.205 DEBUG content 20505 _a-0000e3b8-2279-8000-9ba4-011c48011c48_136327 Processing reference: ContentRole[name=denyReaders,inherit=false,allowForAll=false]
2020-10-13 08:59:10.205 DEBUG content 20505 _a-0000e3b8-2279-8000-9ba4-011c48011c48_136327 Processing reference: ContentRole[name=denyAuthors,inherit=false,allowForAll=false]
2020-10-13 08:59:10.205 DEBUG content 20505 _a-0000e3b8-2279-8000-9ba4-011c48011c48_136327 Processing reference: ContentRole[name=denyAdministrators,inherit=false,allowForAll=false]
2020-10-13 08:59:10.205 DEBUG content 20505 _a-0000e3b8-2279-8000-9ba4-011c48011c48_136327 Completing produce.
2020-10-13 08:59:10.205 DEBUG content 20505 _a-0000e3b8-2279-8000-9ba4-011c48011c48_136327 Exporting binary resources.
2020-10-13 08:59:10.205 DEBUG content 20505 _a-0000e3b8-2279-8000-9ba4-011c48011c48_136327 Serializing object to XML.
2020-10-13 08:59:10.212 DEBUG content 20505 _a-0000e3b8-2279-8000-9ba4-011c48011c48_136327 Object transported.
2020-10-13 08:59:10.212 DEBUG content 20907 _a-0000e3b8-2279-8000-9ba4-011c48011c48_136624 Begin transport.
2020-10-13 08:59:10.212 DEBUG content 20907 _a-0000e3b8-2279-8000-9ba4-011c48011c48_136624 Retrieving object data.
2020-10-13 08:59:10.222 DEBUG content 20907 _a-0000e3b8-2279-8000-9ba4-011c48011c48_136624 Setting uuids of object references.
2020-10-13 08:59:10.222 DEBUG content 20907 _a-0000e3b8-2279-8000-9ba4-011c48011c48_136624 Processing reference: [Content:id=20554,versionId=-1,name=BAM_AddAccountSummary,type=32,subtype=6,uuid=_a-0000e3b8-2279-8000-9ba4-011c48011c48_136624,parent=20342]
2020-10-13 08:59:10.226 DEBUG content 20907 _a-0000e3b8-2279-8000-9ba4-011c48011c48_136624 Processing reference: Interface.forum
2020-10-13 08:59:10.226 DEBUG content 20907 _a-0000e3b8-2279-8000-9ba4-011c48011c48_136624 Processing reference: TypedVariable[name=BAM_Account,it=5358,v=<null>]
2020-10-13 08:59:10.227 DEBUG content 20907 _a-0000e3b8-2279-8000-9ba4-011c48011c48_136624 Processing reference: TypedVariable[name=readOnly,it=26,v=<null>]
2020-10-13 08:59:10.227 DEBUG content 20907 _a-0000e3b8-2279-8000-9ba4-011c48011c48_136624 Processing reference: TypedVariable[name=supervisorComment,it=3,v=]
2020-10-13 08:59:10.227 DEBUG content 20907 _a-0000e3b8-2279-8000-9ba4-011c48011c48_136624 Processing reference: TypedVariable[name=approvalDecision,it=26,v=<null>]
2020-10-13 08:59:10.227 DEBUG content 20907 _a-0000e3b8-2279-8000-9ba4-011c48011c48_136624 Processing reference: Interface.parent
2020-10-13 08:59:10.229 DEBUG content 20907 _a-0000e3b8-2279-8000-9ba4-011c48011c48_136624 Processing reference: com.appiancorp.suiteapi.content.ContentRoleMap@4a7d5ed8[
  ContentRole[name=readers,inherit=true,allowForAll=false]
  ContentRole[name=authors,inherit=true,allowForAll=false]
  ContentRole[name=administrators,usernames=[Shivanshoo],inherit=true,allowForAll=false]
  ContentRole[name=denyReaders,inherit=false,allowForAll=false]
  ContentRole[name=denyAuthors,inherit=false,allowForAll=false]
  ContentRole[name=denyAdministrators,inherit=false,allowForAll=false]
  securityVector=143:SEC_PUBLIC=true,SEC_CREATOR_ADMIN=true,SEC_INH_ADMIN=true,SEC_INH_EDITOR=true,SEC_INH_VIEWER=true,SEC_ALL_ADMIN=false,SEC_ALL_EDITOR=false,SEC_ALL_VIEWER=false
]
2020-10-13 08:59:10.229 DEBUG content 20907 _a-0000e3b8-2279-8000-9ba4-011c48011c48_136624 Processing reference: ContentRole[name=readers,inherit=true,allowForAll=false]
2020-10-13 08:59:10.229 DEBUG content 20907 _a-0000e3b8-2279-8000-9ba4-011c48011c48_136624 Processing reference: ContentRole[name=authors,inherit=true,allowForAll=false]
2020-10-13 08:59:10.229 DEBUG content 20907 _a-0000e3b8-2279-8000-9ba4-011c48011c48_136624 Processing reference: ContentRole[name=administrators,usernames=[Shivanshoo],inherit=true,allowForAll=false]
2020-10-13 08:59:10.23 DEBUG content 20907 _a-0000e3b8-2279-8000-9ba4-011c48011c48_136624 Processing reference: ContentRole[name=denyReaders,inherit=false,allowForAll=false]
2020-10-13 08:59:10.23 DEBUG content 20907 _a-0000e3b8-2279-8000-9ba4-011c48011c48_136624 Processing reference: ContentRole[name=denyAuthors,inherit=false,allowForAll=false]
2020-10-13 08:59:10.23 DEBUG content 20907 _a-0000e3b8-2279-8000-9ba4-011c48011c48_136624 Processing reference: ContentRole[name=denyAdministrators,inherit=false,allowForAll=false]
2020-10-13 08:59:10.231 DEBUG content 20907 _a-0000e3b8-2279-8000-9ba4-011c48011c48_136624 Completing produce.
2020-10-13 08:59:10.231 DEBUG content 20907 _a-0000e3b8-2279-8000-9ba4-011c48011c48_136624 Exporting binary resources.
2020-10-13 08:59:10.231 DEBUG content 20907 _a-0000e3b8-2279-8000-9ba4-011c48011c48_136624 Serializing object to XML.
2020-10-13 08:59:10.239 DEBUG content 20907 _a-0000e3b8-2279-8000-9ba4-011c48011c48_136624 Object transported.
2020-10-13 08:59:10.239 DEBUG content 20877 _a-0000e3b8-2279-8000-9ba4-011c48011c48_138312 Begin transport.
2020-10-13 08:59:10.239 DEBUG content 20877 _a-0000e3b8-2279-8000-9ba4-011c48011c48_138312 Retrieving object data.
2020-10-13 08:59:10.247 DEBUG content 20877 _a-0000e3b8-2279-8000-9ba4-011c48011c48_138312 Setting uuids of object references.
2020-10-13 08:59:10.247 DEBUG content 20877 _a-0000e3b8-2279-8000-9ba4-011c48011c48_138312 Processing reference: [Content:id=20818,versionId=-1,name=BAM_IsMobileNumberValid,type=32,subtype=1,uuid=_a-0000e3b8-2279-8000-9ba4-011c48011c48_138312,parent=20345]
2020-10-13 08:59:10.247 DEBUG content 20877 _a-0000e3b8-2279-8000-9ba4-011c48011c48_138312 Processing reference: FreeformRule.forum
2020-10-13 08:59:10.247 DEBUG content 20877 _a-0000e3b8-2279-8000-9ba4-011c48011c48_138312 Processing reference: TypedVariable[name=mobile,it=1,v=<null>]
2020-10-13 08:59:10.248 DEBUG content 20877 _a-0000e3b8-2279-8000-9ba4-011c48011c48_138312 Processing reference: FreeformRule.parent
2020-10-13 08:59:10.25 DEBUG content 20877 _a-0000e3b8-2279-8000-9ba4-011c48011c48_138312 Processing reference: com.appiancorp.suiteapi.content.ContentRoleMap@51e14688[
  ContentRole[name=readers,inherit=true,allowForAll=false]
  ContentRole[name=authors,inherit=true,allowForAll=false]
  ContentRole[name=administrators,usernames=[Shivanshoo],inherit=true,allowForAll=false]
  ContentRole[name=denyReaders,inherit=false,allowForAll=false]
  ContentRole[name=denyAuthors,inherit=false,allowForAll=false]
  ContentRole[name=denyAdministrators,inherit=false,allowForAll=false]
  securityVector=143:SEC_PUBLIC=true,SEC_CREATOR_ADMIN=true,SEC_INH_ADMIN=true,SEC_INH_EDITOR=true,SEC_INH_VIEWER=true,SEC_ALL_ADMIN=false,SEC_ALL_EDITOR=false,SEC_ALL_VIEWER=false
]
2020-10-13 08:59:10.25 DEBUG content 20877 _a-0000e3b8-2279-8000-9ba4-011c48011c48_138312 Processing reference: ContentRole[name=readers,inherit=true,allowForAll=false]
2020-10-13 08:59:10.25 DEBUG content 20877 _a-0000e3b8-2279-8000-9ba4-011c48011c48_138312 Processing reference: ContentRole[name=authors,inherit=true,allowForAll=false]
2020-10-13 08:59:10.25 DEBUG content 20877 _a-0000e3b8-2279-8000-9ba4-011c48011c48_138312 Processing reference: ContentRole[name=administrators,usernames=[Shivanshoo],inherit=true,allowForAll=false]
2020-10-13 08:59:10.252 DEBUG content 20877 _a-0000e3b8-2279-8000-9ba4-011c48011c48_138312 Processing reference: ContentRole[name=denyReaders,inherit=false,allowForAll=false]
2020-10-13 08:59:10.252 DEBUG content 20877 _a-0000e3b8-2279-8000-9ba4-011c48011c48_138312 Processing reference: ContentRole[name=denyAuthors,inherit=false,allowForAll=false]
2020-10-13 08:59:10.252 DEBUG content 20877 _a-0000e3b8-2279-8000-9ba4-011c48011c48_138312 Processing reference: ContentRole[name=denyAdministrators,inherit=false,allowForAll=false]
2020-10-13 08:59:10.252 DEBUG content 20877 _a-0000e3b8-2279-8000-9ba4-011c48011c48_138312 Completing produce.
2020-10-13 08:59:10.252 DEBUG content 20877 _a-0000e3b8-2279-8000-9ba4-011c48011c48_138312 Exporting binary resources.
2020-10-13 08:59:10.252 DEBUG content 20877 _a-0000e3b8-2279-8000-9ba4-011c48011c48_138312 Serializing object to XML.
2020-10-13 08:59:10.259 DEBUG content 20877 _a-0000e3b8-2279-8000-9ba4-011c48011c48_138312 Object transported.
2020-10-13 08:59:10.259 DEBUG content 20891 _a-0000e3b8-2279-8000-9ba4-011c48011c48_138809 Begin transport.
2020-10-13 08:59:10.259 DEBUG content 20891 _a-0000e3b8-2279-8000-9ba4-011c48011c48_138809 Retrieving object data.
2020-10-13 08:59:10.266 DEBUG content 20891 _a-0000e3b8-2279-8000-9ba4-011c48011c48_138809 Setting uuids of object references.
2020-10-13 08:59:10.266 DEBUG content 20891 _a-0000e3b8-2279-8000-9ba4-011c48011c48_138809 Processing reference: [Content:id=20866,versionId=-1,name=BAM_ACCOUNTS_DATA_STORE_ENTITY,type=32,subtype=0,uuid=_a-0000e3b8-2279-8000-9ba4-011c48011c48_138809,parent=20343]
2020-10-13 08:59:10.268 DEBUG content 20891 _a-0000e3b8-2279-8000-9ba4-011c48011c48_138809 Processing reference: Constant.forum
2020-10-13 08:59:10.269 DEBUG content 20891 _a-0000e3b8-2279-8000-9ba4-011c48011c48_138809 Processing reference: Constant.parent
2020-10-13 08:59:10.271 DEBUG content 20891 _a-0000e3b8-2279-8000-9ba4-011c48011c48_138809 Processing reference: com.appiancorp.suiteapi.content.ContentRoleMap@242c565b[
  ContentRole[name=readers,inherit=true,allowForAll=false]
  ContentRole[name=authors,inherit=true,allowForAll=false]
  ContentRole[name=administrators,usernames=[Shivanshoo],inherit=true,allowForAll=false]
  ContentRole[name=denyReaders,inherit=false,allowForAll=false]
  ContentRole[name=denyAuthors,inherit=false,allowForAll=false]
  ContentRole[name=denyAdministrators,inherit=false,allowForAll=false]
  securityVector=143:SEC_PUBLIC=true,SEC_CREATOR_ADMIN=true,SEC_INH_ADMIN=true,SEC_INH_EDITOR=true,SEC_INH_VIEWER=true,SEC_ALL_ADMIN=false,SEC_ALL_EDITOR=false,SEC_ALL_VIEWER=false
]
2020-10-13 08:59:10.271 DEBUG content 20891 _a-0000e3b8-2279-8000-9ba4-011c48011c48_138809 Processing reference: ContentRole[name=readers,inherit=true,allowForAll=false]
2020-10-13 08:59:10.271 DEBUG content 20891 _a-0000e3b8-2279-8000-9ba4-011c48011c48_138809 Processing reference: ContentRole[name=authors,inherit=true,allowForAll=false]
2020-10-13 08:59:10.272 DEBUG content 20891 _a-0000e3b8-2279-8000-9ba4-011c48011c48_138809 Processing reference: ContentRole[name=administrators,usernames=[Shivanshoo],inherit=true,allowForAll=false]
2020-10-13 08:59:10.273 DEBUG content 20891 _a-0000e3b8-2279-8000-9ba4-011c48011c48_138809 Processing reference: ContentRole[name=denyReaders,inherit=false,allowForAll=false]
2020-10-13 08:59:10.273 DEBUG content 20891 _a-0000e3b8-2279-8000-9ba4-011c48011c48_138809 Processing reference: ContentRole[name=denyAuthors,inherit=false,allowForAll=false]
2020-10-13 08:59:10.273 DEBUG content 20891 _a-0000e3b8-2279-8000-9ba4-011c48011c48_138809 Processing reference: ContentRole[name=denyAdministrators,inherit=false,allowForAll=false]
2020-10-13 08:59:10.273 DEBUG content 20891 _a-0000e3b8-2279-8000-9ba4-011c48011c48_138809 Completing produce.
2020-10-13 08:59:10.273 DEBUG content 20891 _a-0000e3b8-2279-8000-9ba4-011c48011c48_138809 Exporting binary resources.
2020-10-13 08:59:10.273 DEBUG content 20891 _a-0000e3b8-2279-8000-9ba4-011c48011c48_138809 Serializing object to XML.
2020-10-13 08:59:10.28 DEBUG content 20891 _a-0000e3b8-2279-8000-9ba4-011c48011c48_138809 Object transported.
2020-10-13 08:59:10.28 DEBUG content 20892 _a-0000e3b8-2279-8000-9ba4-011c48011c48_138818 Begin transport.
2020-10-13 08:59:10.28 DEBUG content 20892 _a-0000e3b8-2279-8000-9ba4-011c48011c48_138818 Retrieving object data.
2020-10-13 08:59:10.293 DEBUG content 20892 _a-0000e3b8-2279-8000-9ba4-011c48011c48_138818 Setting uuids of object references.
2020-10-13 08:59:10.293 DEBUG content 20892 _a-0000e3b8-2279-8000-9ba4-011c48011c48_138818 Processing reference: [Content:id=20868,versionId=-1,name=BAM_AccountGrid,type=32,subtype=6,uuid=_a-0000e3b8-2279-8000-9ba4-011c48011c48_138818,parent=20342]
2020-10-13 08:59:10.299 DEBUG content 20892 _a-0000e3b8-2279-8000-9ba4-011c48011c48_138818 Processing reference: Interface.forum
2020-10-13 08:59:10.3 DEBUG content 20892 _a-0000e3b8-2279-8000-9ba4-011c48011c48_138818 Processing reference: Interface.parent
2020-10-13 08:59:10.302 DEBUG content 20892 _a-0000e3b8-2279-8000-9ba4-011c48011c48_138818 Processing reference: com.appiancorp.suiteapi.content.ContentRoleMap@46e0f432[
  ContentRole[name=readers,inherit=true,allowForAll=false]
  ContentRole[name=authors,inherit=true,allowForAll=false]
  ContentRole[name=administrators,usernames=[Shivanshoo],inherit=true,allowForAll=false]
  ContentRole[name=denyReaders,inherit=false,allowForAll=false]
  ContentRole[name=denyAuthors,inherit=false,allowForAll=false]
  ContentRole[name=denyAdministrators,inherit=false,allowForAll=false]
  securityVector=143:SEC_PUBLIC=true,SEC_CREATOR_ADMIN=true,SEC_INH_ADMIN=true,SEC_INH_EDITOR=true,SEC_INH_VIEWER=true,SEC_ALL_ADMIN=false,SEC_ALL_EDITOR=false,SEC_ALL_VIEWER=false
]
2020-10-13 08:59:10.302 DEBUG content 20892 _a-0000e3b8-2279-8000-9ba4-011c48011c48_138818 Processing reference: ContentRole[name=readers,inherit=true,allowForAll=false]
2020-10-13 08:59:10.302 DEBUG content 20892 _a-0000e3b8-2279-8000-9ba4-011c48011c48_138818 Processing reference: ContentRole[name=authors,inherit=true,allowForAll=false]
2020-10-13 08:59:10.302 DEBUG content 20892 _a-0000e3b8-2279-8000-9ba4-011c48011c48_138818 Processing reference: ContentRole[name=administrators,usernames=[Shivanshoo],inherit=true,allowForAll=false]
2020-10-13 08:59:10.303 DEBUG content 20892 _a-0000e3b8-2279-8000-9ba4-011c48011c48_138818 Processing reference: ContentRole[name=denyReaders,inherit=false,allowForAll=false]
2020-10-13 08:59:10.303 DEBUG content 20892 _a-0000e3b8-2279-8000-9ba4-011c48011c48_138818 Processing reference: ContentRole[name=denyAuthors,inherit=false,allowForAll=false]
2020-10-13 08:59:10.303 DEBUG content 20892 _a-0000e3b8-2279-8000-9ba4-011c48011c48_138818 Processing reference: ContentRole[name=denyAdministrators,inherit=false,allowForAll=false]
2020-10-13 08:59:10.303 DEBUG content 20892 _a-0000e3b8-2279-8000-9ba4-011c48011c48_138818 Completing produce.
2020-10-13 08:59:10.303 DEBUG content 20892 _a-0000e3b8-2279-8000-9ba4-011c48011c48_138818 Exporting binary resources.
2020-10-13 08:59:10.303 DEBUG content 20892 _a-0000e3b8-2279-8000-9ba4-011c48011c48_138818 Serializing object to XML.
2020-10-13 08:59:10.309 DEBUG content 20892 _a-0000e3b8-2279-8000-9ba4-011c48011c48_138818 Object transported.
2020-10-13 08:59:10.309 DEBUG content 20871 _a-0000e3b8-2279-8000-9ba4-011c48011c48_138827 Begin transport.
2020-10-13 08:59:10.309 DEBUG content 20871 _a-0000e3b8-2279-8000-9ba4-011c48011c48_138827 Retrieving object data.
2020-10-13 08:59:10.318 DEBUG content 20871 _a-0000e3b8-2279-8000-9ba4-011c48011c48_138827 Setting uuids of object references.
2020-10-13 08:59:10.318 DEBUG content 20871 _a-0000e3b8-2279-8000-9ba4-011c48011c48_138827 Processing reference: [Content:id=20870,versionId=-1,name=BAM_AccountPieChart,type=32,subtype=6,uuid=_a-0000e3b8-2279-8000-9ba4-011c48011c48_138827,parent=20342]
2020-10-13 08:59:10.33 DEBUG content 20871 _a-0000e3b8-2279-8000-9ba4-011c48011c48_138827 Processing reference: Interface.forum
2020-10-13 08:59:10.331 DEBUG content 20871 _a-0000e3b8-2279-8000-9ba4-011c48011c48_138827 Processing reference: Interface.parent
2020-10-13 08:59:10.333 DEBUG content 20871 _a-0000e3b8-2279-8000-9ba4-011c48011c48_138827 Processing reference: com.appiancorp.suiteapi.content.ContentRoleMap@3b14de08[
  ContentRole[name=readers,inherit=true,allowForAll=false]
  ContentRole[name=authors,inherit=true,allowForAll=false]
  ContentRole[name=administrators,usernames=[Shivanshoo],inherit=true,allowForAll=false]
  ContentRole[name=denyReaders,inherit=false,allowForAll=false]
  ContentRole[name=denyAuthors,inherit=false,allowForAll=false]
  ContentRole[name=denyAdministrators,inherit=false,allowForAll=false]
  securityVector=143:SEC_PUBLIC=true,SEC_CREATOR_ADMIN=true,SEC_INH_ADMIN=true,SEC_INH_EDITOR=true,SEC_INH_VIEWER=true,SEC_ALL_ADMIN=false,SEC_ALL_EDITOR=false,SEC_ALL_VIEWER=false
]
2020-10-13 08:59:10.333 DEBUG content 20871 _a-0000e3b8-2279-8000-9ba4-011c48011c48_138827 Processing reference: ContentRole[name=readers,inherit=true,allowForAll=false]
2020-10-13 08:59:10.333 DEBUG content 20871 _a-0000e3b8-2279-8000-9ba4-011c48011c48_138827 Processing reference: ContentRole[name=authors,inherit=true,allowForAll=false]
2020-10-13 08:59:10.333 DEBUG content 20871 _a-0000e3b8-2279-8000-9ba4-011c48011c48_138827 Processing reference: ContentRole[name=administrators,usernames=[Shivanshoo],inherit=true,allowForAll=false]
2020-10-13 08:59:10.334 DEBUG content 20871 _a-0000e3b8-2279-8000-9ba4-011c48011c48_138827 Processing reference: ContentRole[name=denyReaders,inherit=false,allowForAll=false]
2020-10-13 08:59:10.334 DEBUG content 20871 _a-0000e3b8-2279-8000-9ba4-011c48011c48_138827 Processing reference: ContentRole[name=denyAuthors,inherit=false,allowForAll=false]
2020-10-13 08:59:10.334 DEBUG content 20871 _a-0000e3b8-2279-8000-9ba4-011c48011c48_138827 Processing reference: ContentRole[name=denyAdministrators,inherit=false,allowForAll=false]
2020-10-13 08:59:10.335 DEBUG content 20871 _a-0000e3b8-2279-8000-9ba4-011c48011c48_138827 Completing produce.
2020-10-13 08:59:10.335 DEBUG content 20871 _a-0000e3b8-2279-8000-9ba4-011c48011c48_138827 Exporting binary resources.
2020-10-13 08:59:10.335 DEBUG content 20871 _a-0000e3b8-2279-8000-9ba4-011c48011c48_138827 Serializing object to XML.
2020-10-13 08:59:10.34 DEBUG content 20871 _a-0000e3b8-2279-8000-9ba4-011c48011c48_138827 Object transported.
2020-10-13 08:59:10.34 DEBUG content 20874 _a-0000e3b8-2279-8000-9ba4-011c48011c48_138836 Begin transport.
2020-10-13 08:59:10.34 DEBUG content 20874 _a-0000e3b8-2279-8000-9ba4-011c48011c48_138836 Retrieving object data.
2020-10-13 08:59:10.348 DEBUG content 20874 _a-0000e3b8-2279-8000-9ba4-011c48011c48_138836 Setting uuids of object references.
2020-10-13 08:59:10.348 DEBUG content 20874 _a-0000e3b8-2279-8000-9ba4-011c48011c48_138836 Processing reference: [Content:id=20872,versionId=-1,name=BAM_AccountsReport,type=32,subtype=6,uuid=_a-0000e3b8-2279-8000-9ba4-011c48011c48_138836,parent=20342]
2020-10-13 08:59:10.358 DEBUG content 20874 _a-0000e3b8-2279-8000-9ba4-011c48011c48_138836 Processing reference: Interface.forum
2020-10-13 08:59:10.359 DEBUG content 20874 _a-0000e3b8-2279-8000-9ba4-011c48011c48_138836 Processing reference: Interface.parent
2020-10-13 08:59:10.361 DEBUG content 20874 _a-0000e3b8-2279-8000-9ba4-011c48011c48_138836 Processing reference: com.appiancorp.suiteapi.content.ContentRoleMap@44282e8b[
  ContentRole[name=readers,inherit=true,allowForAll=false]
  ContentRole[name=authors,inherit=true,allowForAll=false]
  ContentRole[name=administrators,usernames=[Shivanshoo],inherit=true,allowForAll=false]
  ContentRole[name=denyReaders,inherit=false,allowForAll=false]
  ContentRole[name=denyAuthors,inherit=false,allowForAll=false]
  ContentRole[name=denyAdministrators,inherit=false,allowForAll=false]
  securityVector=143:SEC_PUBLIC=true,SEC_CREATOR_ADMIN=true,SEC_INH_ADMIN=true,SEC_INH_EDITOR=true,SEC_INH_VIEWER=true,SEC_ALL_ADMIN=false,SEC_ALL_EDITOR=false,SEC_ALL_VIEWER=false
]
2020-10-13 08:59:10.361 DEBUG content 20874 _a-0000e3b8-2279-8000-9ba4-011c48011c48_138836 Processing reference: ContentRole[name=readers,inherit=true,allowForAll=false]
2020-10-13 08:59:10.361 DEBUG content 20874 _a-0000e3b8-2279-8000-9ba4-011c48011c48_138836 Processing reference: ContentRole[name=authors,inherit=true,allowForAll=false]
2020-10-13 08:59:10.361 DEBUG content 20874 _a-0000e3b8-2279-8000-9ba4-011c48011c48_138836 Processing reference: ContentRole[name=administrators,usernames=[Shivanshoo],inherit=true,allowForAll=false]
2020-10-13 08:59:10.362 DEBUG content 20874 _a-0000e3b8-2279-8000-9ba4-011c48011c48_138836 Processing reference: ContentRole[name=denyReaders,inherit=false,allowForAll=false]
2020-10-13 08:59:10.362 DEBUG content 20874 _a-0000e3b8-2279-8000-9ba4-011c48011c48_138836 Processing reference: ContentRole[name=denyAuthors,inherit=false,allowForAll=false]
2020-10-13 08:59:10.362 DEBUG content 20874 _a-0000e3b8-2279-8000-9ba4-011c48011c48_138836 Processing reference: ContentRole[name=denyAdministrators,inherit=false,allowForAll=false]
2020-10-13 08:59:10.362 DEBUG content 20874 _a-0000e3b8-2279-8000-9ba4-011c48011c48_138836 Completing produce.
2020-10-13 08:59:10.362 DEBUG content 20874 _a-0000e3b8-2279-8000-9ba4-011c48011c48_138836 Exporting binary resources.
2020-10-13 08:59:10.362 DEBUG content 20874 _a-0000e3b8-2279-8000-9ba4-011c48011c48_138836 Serializing object to XML.
2020-10-13 08:59:10.37 DEBUG content 20874 _a-0000e3b8-2279-8000-9ba4-011c48011c48_138836 Object transported.
2020-10-13 08:59:10.37 DEBUG content 43109 _a-0000e4cc-9c9b-8000-9bac-011c48011c48_435272 Begin transport.
2020-10-13 08:59:10.37 DEBUG content 43109 _a-0000e4cc-9c9b-8000-9bac-011c48011c48_435272 Retrieving object data.
2020-10-13 08:59:10.38 DEBUG content 43109 _a-0000e4cc-9c9b-8000-9bac-011c48011c48_435272 Setting uuids of object references.
2020-10-13 08:59:10.38 DEBUG content 43109 _a-0000e4cc-9c9b-8000-9bac-011c48011c48_435272 Processing reference: CommunityKnowledgeCenter.forum
2020-10-13 08:59:10.381 DEBUG content 43109 _a-0000e4cc-9c9b-8000-9bac-011c48011c48_435272 Processing reference: CommunityKnowledgeCenter.parent
2020-10-13 08:59:10.383 DEBUG content 43109 _a-0000e4cc-9c9b-8000-9bac-011c48011c48_435272 Processing reference: com.appiancorp.suiteapi.content.ContentRoleMap@106b8f00[
  ContentRole[name=readers,inherit=false,allowForAll=false]
  ContentRole[name=authors,inherit=false,allowForAll=false]
  ContentRole[name=administrators,usernames=[Shivanshoo],inherit=true,allowForAll=false]
  ContentRole[name=denyReaders,inherit=false,allowForAll=false]
  ContentRole[name=denyAuthors,inherit=false,allowForAll=false]
  ContentRole[name=denyAdministrators,inherit=false,allowForAll=false]
  securityVector=137:SEC_PUBLIC=true,SEC_CREATOR_ADMIN=true,SEC_INH_ADMIN=true,SEC_INH_EDITOR=false,SEC_INH_VIEWER=false,SEC_ALL_ADMIN=false,SEC_ALL_EDITOR=false,SEC_ALL_VIEWER=false
]
2020-10-13 08:59:10.383 DEBUG content 43109 _a-0000e4cc-9c9b-8000-9bac-011c48011c48_435272 Processing reference: ContentRole[name=readers,inherit=false,allowForAll=false]
2020-10-13 08:59:10.383 DEBUG content 43109 _a-0000e4cc-9c9b-8000-9bac-011c48011c48_435272 Processing reference: ContentRole[name=authors,inherit=false,allowForAll=false]
2020-10-13 08:59:10.383 DEBUG content 43109 _a-0000e4cc-9c9b-8000-9bac-011c48011c48_435272 Processing reference: ContentRole[name=administrators,usernames=[Shivanshoo],inherit=true,allowForAll=false]
2020-10-13 08:59:10.386 DEBUG content 43109 _a-0000e4cc-9c9b-8000-9bac-011c48011c48_435272 Processing reference: ContentRole[name=denyReaders,inherit=false,allowForAll=false]
2020-10-13 08:59:10.386 DEBUG content 43109 _a-0000e4cc-9c9b-8000-9bac-011c48011c48_435272 Processing reference: ContentRole[name=denyAuthors,inherit=false,allowForAll=false]
2020-10-13 08:59:10.386 DEBUG content 43109 _a-0000e4cc-9c9b-8000-9bac-011c48011c48_435272 Processing reference: ContentRole[name=denyAdministrators,inherit=false,allowForAll=false]
2020-10-13 08:59:10.386 DEBUG content 43109 _a-0000e4cc-9c9b-8000-9bac-011c48011c48_435272 Completing produce.
2020-10-13 08:59:10.386 DEBUG content 43109 _a-0000e4cc-9c9b-8000-9bac-011c48011c48_435272 Exporting binary resources.
2020-10-13 08:59:10.386 DEBUG content 43109 _a-0000e4cc-9c9b-8000-9bac-011c48011c48_435272 Serializing object to XML.
2020-10-13 08:59:10.395 DEBUG content 43109 _a-0000e4cc-9c9b-8000-9bac-011c48011c48_435272 Object transported.
2020-10-13 08:59:10.395 DEBUG content 43110 _a-0000e4cc-9c9b-8000-9bac-011c48011c48_435281 Begin transport.
2020-10-13 08:59:10.395 DEBUG content 43110 _a-0000e4cc-9c9b-8000-9bac-011c48011c48_435281 Retrieving object data.
2020-10-13 08:59:10.403 DEBUG content 43110 _a-0000e4cc-9c9b-8000-9bac-011c48011c48_435281 Setting uuids of object references.
2020-10-13 08:59:10.403 DEBUG content 43110 _a-0000e4cc-9c9b-8000-9bac-011c48011c48_435281 Processing reference: KnowledgeFolder.forum
2020-10-13 08:59:10.403 DEBUG content 43110 _a-0000e4cc-9c9b-8000-9bac-011c48011c48_435281 Processing reference: KnowledgeFolder.parent
2020-10-13 08:59:10.405 DEBUG content 43110 _a-0000e4cc-9c9b-8000-9bac-011c48011c48_435281 Processing reference: com.appiancorp.suiteapi.content.ContentRoleMap@52a16d2b[
  ContentRole[name=readers,inherit=true,allowForAll=false]
  ContentRole[name=authors,inherit=true,allowForAll=false]
  ContentRole[name=administrators,inherit=true,allowForAll=false]
  ContentRole[name=denyReaders,inherit=false,allowForAll=false]
  ContentRole[name=denyAuthors,inherit=false,allowForAll=false]
  ContentRole[name=denyAdministrators,inherit=false,allowForAll=false]
  securityVector=15:SEC_PUBLIC=true,SEC_CREATOR_ADMIN=false,SEC_INH_ADMIN=true,SEC_INH_EDITOR=true,SEC_INH_VIEWER=true,SEC_ALL_ADMIN=false,SEC_ALL_EDITOR=false,SEC_ALL_VIEWER=false
]
2020-10-13 08:59:10.405 DEBUG content 43110 _a-0000e4cc-9c9b-8000-9bac-011c48011c48_435281 Processing reference: ContentRole[name=readers,inherit=true,allowForAll=false]
2020-10-13 08:59:10.405 DEBUG content 43110 _a-0000e4cc-9c9b-8000-9bac-011c48011c48_435281 Processing reference: ContentRole[name=authors,inherit=true,allowForAll=false]
2020-10-13 08:59:10.405 DEBUG content 43110 _a-0000e4cc-9c9b-8000-9bac-011c48011c48_435281 Processing reference: ContentRole[name=administrators,inherit=true,allowForAll=false]
2020-10-13 08:59:10.405 DEBUG content 43110 _a-0000e4cc-9c9b-8000-9bac-011c48011c48_435281 Processing reference: ContentRole[name=denyReaders,inherit=false,allowForAll=false]
2020-10-13 08:59:10.405 DEBUG content 43110 _a-0000e4cc-9c9b-8000-9bac-011c48011c48_435281 Processing reference: ContentRole[name=denyAuthors,inherit=false,allowForAll=false]
2020-10-13 08:59:10.405 DEBUG content 43110 _a-0000e4cc-9c9b-8000-9bac-011c48011c48_435281 Processing reference: ContentRole[name=denyAdministrators,inherit=false,allowForAll=false]
2020-10-13 08:59:10.406 DEBUG content 43110 _a-0000e4cc-9c9b-8000-9bac-011c48011c48_435281 Completing produce.
2020-10-13 08:59:10.406 DEBUG content 43110 _a-0000e4cc-9c9b-8000-9bac-011c48011c48_435281 Exporting binary resources.
2020-10-13 08:59:10.406 DEBUG content 43110 _a-0000e4cc-9c9b-8000-9bac-011c48011c48_435281 Serializing object to XML.
2020-10-13 08:59:10.41 DEBUG content 43110 _a-0000e4cc-9c9b-8000-9bac-011c48011c48_435281 Object transported.
2020-10-13 08:59:10.412 DEBUG processModelFolder 50 _g-0000e3b8-2279-8000-f931-7f0000014e7a_290 Begin transport.
2020-10-13 08:59:10.412 DEBUG processModelFolder 50 _g-0000e3b8-2279-8000-f931-7f0000014e7a_290 Retrieving object data.
2020-10-13 08:59:10.414 DEBUG processModelFolder 50 _g-0000e3b8-2279-8000-f931-7f0000014e7a_290 Setting uuids of object references.
2020-10-13 08:59:10.415 DEBUG processModelFolder 50 _g-0000e3b8-2279-8000-f931-7f0000014e7a_290 Processing reference: ProcessModelFolder.parentFolderId
2020-10-13 08:59:10.416 DEBUG processModelFolder 50 _g-0000e3b8-2279-8000-f931-7f0000014e7a_290 Processing reference: com.appiancorp.suiteapi.process.ProcessRoleMap@61a1302e[
  Role[name=ADMIN_OWNER,usernames=[Shivanshoo]]
  Role[name=EDITOR]
  Role[name=EXPLICIT_NONMEMBER]
  Role[name=VIEWER]
  Role[name=MANAGER]
  Role[name=INITIATOR]
]
2020-10-13 08:59:10.416 DEBUG processModelFolder 50 _g-0000e3b8-2279-8000-f931-7f0000014e7a_290 Processing reference: Role[name=ADMIN_OWNER,usernames=[Shivanshoo]]
2020-10-13 08:59:10.418 DEBUG processModelFolder 50 _g-0000e3b8-2279-8000-f931-7f0000014e7a_290 Processing reference: Role[name=EDITOR]
2020-10-13 08:59:10.418 DEBUG processModelFolder 50 _g-0000e3b8-2279-8000-f931-7f0000014e7a_290 Processing reference: Role[name=EXPLICIT_NONMEMBER]
2020-10-13 08:59:10.418 DEBUG processModelFolder 50 _g-0000e3b8-2279-8000-f931-7f0000014e7a_290 Processing reference: Role[name=VIEWER]
2020-10-13 08:59:10.418 DEBUG processModelFolder 50 _g-0000e3b8-2279-8000-f931-7f0000014e7a_290 Processing reference: Role[name=MANAGER]
2020-10-13 08:59:10.418 DEBUG processModelFolder 50 _g-0000e3b8-2279-8000-f931-7f0000014e7a_290 Processing reference: Role[name=INITIATOR]
2020-10-13 08:59:10.418 DEBUG processModelFolder 50 _g-0000e3b8-2279-8000-f931-7f0000014e7a_290 Completing produce.
2020-10-13 08:59:10.418 DEBUG processModelFolder 50 _g-0000e3b8-2279-8000-f931-7f0000014e7a_290 Exporting binary resources.
2020-10-13 08:59:10.418 DEBUG processModelFolder 50 _g-0000e3b8-2279-8000-f931-7f0000014e7a_290 Serializing object to XML.
2020-10-13 08:59:10.422 DEBUG processModelFolder 50 _g-0000e3b8-2279-8000-f931-7f0000014e7a_290 Object transported.
2020-10-13 08:59:10.425 DEBUG processModel 1590 0002e44a-8617-8000-fc12-7f0000014e7a Begin transport.
2020-10-13 08:59:10.425 DEBUG processModel 1590 0002e44a-8617-8000-fc12-7f0000014e7a Retrieving object data.
2020-10-13 08:59:10.64 DEBUG processModel 1590 0002e44a-8617-8000-fc12-7f0000014e7a Setting uuids of object references.
2020-10-13 08:59:10.64 DEBUG processModel 1590 0002e44a-8617-8000-fc12-7f0000014e7a Processing reference: ProcessModelHaul.folderId
2020-10-13 08:59:10.642 DEBUG processModel 1590 0002e44a-8617-8000-fc12-7f0000014e7a Processing reference: ProcessModelHaul.modelDashboardPageId
2020-10-13 08:59:10.642 DEBUG processModel 1590 0002e44a-8617-8000-fc12-7f0000014e7a Processing reference: ProcessModelHaul.processDashboardPageId
2020-10-13 08:59:10.642 DEBUG processModel 1590 0002e44a-8617-8000-fc12-7f0000014e7a Processing reference: ProcessModel.emailAttachmentFolderId
2020-10-13 08:59:10.642 DEBUG processModel 1590 0002e44a-8617-8000-fc12-7f0000014e7a Processing reference: InternalForm.docId
2020-10-13 08:59:10.643 DEBUG processModel 1590 0002e44a-8617-8000-fc12-7f0000014e7a Processing reference: InternalForm.docId
2020-10-13 08:59:10.643 DEBUG processModel 1590 0002e44a-8617-8000-fc12-7f0000014e7a Processing reference: 4097 Shivanshoo
2020-10-13 08:59:10.646 DEBUG processModel 1590 0002e44a-8617-8000-fc12-7f0000014e7a Processing reference: 4097 Sachin
2020-10-13 08:59:10.647 DEBUG processModel 1590 0002e44a-8617-8000-fc12-7f0000014e7a Processing reference: ActivityClassParameter[name=pmID,it=23,v=<null>]
2020-10-13 08:59:10.647 DEBUG processModel 1590 0002e44a-8617-8000-fc12-7f0000014e7a Processing reference: ActivityClassParameter[name=inMap,it=111,v={}]
2020-10-13 08:59:10.647 DEBUG processModel 1590 0002e44a-8617-8000-fc12-7f0000014e7a Processing reference: ActivityClassParameter[name=procInheritsPriority,it=1,v=1]
2020-10-13 08:59:10.647 DEBUG processModel 1590 0002e44a-8617-8000-fc12-7f0000014e7a Processing reference: ActivityClassParameter[name=pmUUID,it=3,v=]
2020-10-13 08:59:10.647 DEBUG processModel 1590 0002e44a-8617-8000-fc12-7f0000014e7a Processing reference: ActivityClassParameter[name=isAsynchronous,it=26,v=1]
2020-10-13 08:59:10.65 DEBUG processModel 1590 0002e44a-8617-8000-fc12-7f0000014e7a Processing reference: ActivityClassParameter[name=isTransparent,it=26,v=1]
2020-10-13 08:59:10.65 DEBUG processModel 1590 0002e44a-8617-8000-fc12-7f0000014e7a Processing reference: ActivityClassParameter[name=inheritSecurity,it=26,v=0]
2020-10-13 08:59:10.65 DEBUG processModel 1590 0002e44a-8617-8000-fc12-7f0000014e7a Processing reference: ActivityClassParameter[name=pmID,it=23,v=<null>]
2020-10-13 08:59:10.65 DEBUG processModel 1590 0002e44a-8617-8000-fc12-7f0000014e7a Processing reference: ActivityClassParameter[name=inMap,it=111,v={}]
2020-10-13 08:59:10.65 DEBUG processModel 1590 0002e44a-8617-8000-fc12-7f0000014e7a Processing reference: ActivityClassParameter[name=procInheritsPriority,it=1,v=1]
2020-10-13 08:59:10.65 DEBUG processModel 1590 0002e44a-8617-8000-fc12-7f0000014e7a Processing reference: ActivityClassParameter[name=pmUUID,it=3,v=]
2020-10-13 08:59:10.65 DEBUG processModel 1590 0002e44a-8617-8000-fc12-7f0000014e7a Processing reference: ActivityClassParameter[name=isAsynchronous,it=26,v=1]
2020-10-13 08:59:10.65 DEBUG processModel 1590 0002e44a-8617-8000-fc12-7f0000014e7a Processing reference: ActivityClassParameter[name=isTransparent,it=26,v=1]
2020-10-13 08:59:10.65 DEBUG processModel 1590 0002e44a-8617-8000-fc12-7f0000014e7a Processing reference: ActivityClassParameter[name=inheritSecurity,it=26,v=0]
2020-10-13 08:59:10.65 DEBUG processModel 1590 0002e44a-8617-8000-fc12-7f0000014e7a Processing reference: ActivityClassParameter[name=defaultNode,it=1,v=2]
2020-10-13 08:59:10.65 DEBUG processModel 1590 0002e44a-8617-8000-fc12-7f0000014e7a Processing reference: ActivityClassParameter[name=rules,it=111,v={ActivityClassParameter[name=rule,it=11,v={ActivityClassParameter[name=expression,it=26,v=<null>],ActivityClassParameter[name=node,it=1,v=5],ActivityClassParameter[name=label,it=3,v=Yes]}],ActivityClassParameter[name=rule,it=11,v={ActivityClassParameter[name=expression,it=26,v=<null>],ActivityClassParameter[name=node,it=1,v=6],ActivityClassParameter[name=label,it=3,v=no]}]}]
2020-10-13 08:59:10.65 DEBUG processModel 1590 0002e44a-8617-8000-fc12-7f0000014e7a Processing reference: ActivityClassParameter[name=fired,it=1,v=0]
2020-10-13 08:59:10.65 DEBUG processModel 1590 0002e44a-8617-8000-fc12-7f0000014e7a Processing reference: ActivityClassParameter[name=arrivedNodes,it=101,v=<null>]
2020-10-13 08:59:10.651 DEBUG processModel 1590 0002e44a-8617-8000-fc12-7f0000014e7a Processing reference: ActivityClassParameter[name=BAM_Account,it=5358,v=<null>]
2020-10-13 08:59:10.651 DEBUG processModel 1590 0002e44a-8617-8000-fc12-7f0000014e7a Processing reference: ActivityClassParameter[name=cancel,it=26,v=<null>]
2020-10-13 08:59:10.651 DEBUG processModel 1590 0002e44a-8617-8000-fc12-7f0000014e7a Processing reference: ActivityClassParameter[name=readOnly,it=26,v=<null>]
2020-10-13 08:59:10.651 DEBUG processModel 1590 0002e44a-8617-8000-fc12-7f0000014e7a Processing reference: ActivityClassParameter[name=supervisorComment,it=3,v=]
2020-10-13 08:59:10.651 DEBUG processModel 1590 0002e44a-8617-8000-fc12-7f0000014e7a Processing reference: ActivityClassParameter[name=approvalDecision,it=26,v=<null>]
2020-10-13 08:59:10.651 DEBUG processModel 1590 0002e44a-8617-8000-fc12-7f0000014e7a Processing reference: FormElement[label=Question1]
2020-10-13 08:59:10.651 DEBUG processModel 1590 0002e44a-8617-8000-fc12-7f0000014e7a Processing reference: FormElement[label=Question2]
2020-10-13 08:59:10.651 DEBUG processModel 1590 0002e44a-8617-8000-fc12-7f0000014e7a Processing reference: InternalForm.docId
2020-10-13 08:59:10.651 DEBUG processModel 1590 0002e44a-8617-8000-fc12-7f0000014e7a Processing reference: FormElement[label=Question1]
2020-10-13 08:59:10.651 DEBUG processModel 1590 0002e44a-8617-8000-fc12-7f0000014e7a Processing reference: FormElement[label=Question2]
2020-10-13 08:59:10.651 DEBUG processModel 1590 0002e44a-8617-8000-fc12-7f0000014e7a Processing reference: InternalForm.docId
2020-10-13 08:59:10.652 DEBUG processModel 1590 0002e44a-8617-8000-fc12-7f0000014e7a Processing reference: com.appiancorp.suiteapi.process.Assignment$Assignee@550b8db0
2020-10-13 08:59:10.652 DEBUG processModel 1590 0002e44a-8617-8000-fc12-7f0000014e7a Processing reference: ActivityClassParameter[name=dataToWrite,it=5358,v=<null>]
2020-10-13 08:59:10.652 DEBUG processModel 1590 0002e44a-8617-8000-fc12-7f0000014e7a Processing reference: FormElement[label=Question1]
2020-10-13 08:59:10.652 DEBUG processModel 1590 0002e44a-8617-8000-fc12-7f0000014e7a Processing reference: InternalForm.docId
2020-10-13 08:59:10.652 DEBUG processModel 1590 0002e44a-8617-8000-fc12-7f0000014e7a Processing reference: FormElement[label=Question1]
2020-10-13 08:59:10.652 DEBUG processModel 1590 0002e44a-8617-8000-fc12-7f0000014e7a Processing reference: InternalForm.docId
2020-10-13 08:59:10.652 DEBUG processModel 1590 0002e44a-8617-8000-fc12-7f0000014e7a Processing reference: ActivityClassParameter[name=DataStoreEntity,it=81,v=e40b4081-d141-4f31-93ad-83a0b17efa32@20338]
2020-10-13 08:59:10.655 DEBUG processModel 1590 0002e44a-8617-8000-fc12-7f0000014e7a Processing reference: ActivityClassParameter[name=StoredValues,it=197,v=<null>]
2020-10-13 08:59:10.655 DEBUG processModel 1590 0002e44a-8617-8000-fc12-7f0000014e7a Processing reference: ActivityClassParameter[name=BAM_Account,it=5358,v=<null>]
2020-10-13 08:59:10.655 DEBUG processModel 1590 0002e44a-8617-8000-fc12-7f0000014e7a Processing reference: ActivityClassParameter[name=cancel,it=26,v=<null>]
2020-10-13 08:59:10.655 DEBUG processModel 1590 0002e44a-8617-8000-fc12-7f0000014e7a Processing reference: ActivityClassParameter[name=readOnly,it=26,v=<null>]
2020-10-13 08:59:10.655 DEBUG processModel 1590 0002e44a-8617-8000-fc12-7f0000014e7a Processing reference: ActivityClassParameter[name=approvalDecision,it=26,v=<null>]
2020-10-13 08:59:10.655 DEBUG processModel 1590 0002e44a-8617-8000-fc12-7f0000014e7a Processing reference: ActivityClassParameter[name=supervisorComment,it=3,v=]
2020-10-13 08:59:10.655 DEBUG processModel 1590 0002e44a-8617-8000-fc12-7f0000014e7a Processing reference: FormElement[label=Question1]
2020-10-13 08:59:10.655 DEBUG processModel 1590 0002e44a-8617-8000-fc12-7f0000014e7a Processing reference: FormElement[label=Question2]
2020-10-13 08:59:10.655 DEBUG processModel 1590 0002e44a-8617-8000-fc12-7f0000014e7a Processing reference: InternalForm.docId
2020-10-13 08:59:10.656 DEBUG processModel 1590 0002e44a-8617-8000-fc12-7f0000014e7a Processing reference: FormElement[label=Question1]
2020-10-13 08:59:10.656 DEBUG processModel 1590 0002e44a-8617-8000-fc12-7f0000014e7a Processing reference: FormElement[label=Question2]
2020-10-13 08:59:10.656 DEBUG processModel 1590 0002e44a-8617-8000-fc12-7f0000014e7a Processing reference: InternalForm.docId
2020-10-13 08:59:10.656 DEBUG processModel 1590 0002e44a-8617-8000-fc12-7f0000014e7a Processing reference: com.appiancorp.suiteapi.process.Assignment$Assignee@665f86f8
2020-10-13 08:59:10.657 DEBUG processModel 1590 0002e44a-8617-8000-fc12-7f0000014e7a Processing reference: ProcessVariable[name=BAM_Account,it=5358,v=<null>]
2020-10-13 08:59:10.657 DEBUG processModel 1590 0002e44a-8617-8000-fc12-7f0000014e7a Processing reference: ProcessVariable[name=BAM_Assesment,it=5358,v=<null>]
2020-10-13 08:59:10.658 DEBUG processModel 1590 0002e44a-8617-8000-fc12-7f0000014e7a Processing reference: ProcessVariable[name=approvalDecision,it=26,v=<null>]
2020-10-13 08:59:10.658 DEBUG processModel 1590 0002e44a-8617-8000-fc12-7f0000014e7a Processing reference: ProcessVariable[name=cancel,it=26,v=<null>]
2020-10-13 08:59:10.658 DEBUG processModel 1590 0002e44a-8617-8000-fc12-7f0000014e7a Processing reference: ProcessVariable[name=counter,it=1,v=0]
2020-10-13 08:59:10.658 DEBUG processModel 1590 0002e44a-8617-8000-fc12-7f0000014e7a Processing reference: ProcessVariable[name=readOnly,it=26,v=<null>]
2020-10-13 08:59:10.658 DEBUG processModel 1590 0002e44a-8617-8000-fc12-7f0000014e7a Processing reference: ProcessVariable[name=supervisorComment,it=3,v=]
2020-10-13 08:59:10.658 DEBUG processModel 1590 0002e44a-8617-8000-fc12-7f0000014e7a Processing reference: com.appiancorp.suiteapi.process.ProcessRoleMap@634c19c8[
  Role[name=ADMIN_OWNER,usernames=[Shivanshoo]]
  Role[name=EDITOR]
  Role[name=EXPLICIT_NONMEMBER]
  Role[name=VIEWER]
  Role[name=MANAGER]
  Role[name=INITIATOR]
]
2020-10-13 08:59:10.658 DEBUG processModel 1590 0002e44a-8617-8000-fc12-7f0000014e7a Processing reference: Role[name=ADMIN_OWNER,usernames=[Shivanshoo]]
2020-10-13 08:59:10.659 DEBUG processModel 1590 0002e44a-8617-8000-fc12-7f0000014e7a Processing reference: Role[name=EDITOR]
2020-10-13 08:59:10.659 DEBUG processModel 1590 0002e44a-8617-8000-fc12-7f0000014e7a Processing reference: Role[name=EXPLICIT_NONMEMBER]
2020-10-13 08:59:10.659 DEBUG processModel 1590 0002e44a-8617-8000-fc12-7f0000014e7a Processing reference: Role[name=VIEWER]
2020-10-13 08:59:10.659 DEBUG processModel 1590 0002e44a-8617-8000-fc12-7f0000014e7a Processing reference: Role[name=MANAGER]
2020-10-13 08:59:10.659 DEBUG processModel 1590 0002e44a-8617-8000-fc12-7f0000014e7a Processing reference: Role[name=INITIATOR]
2020-10-13 08:59:10.665 DEBUG processModel 1590 0002e44a-8617-8000-fc12-7f0000014e7a Completing produce.
2020-10-13 08:59:10.665 DEBUG processModel 1590 0002e44a-8617-8000-fc12-7f0000014e7a Exporting binary resources.
2020-10-13 08:59:10.665 DEBUG processModel 1590 0002e44a-8617-8000-fc12-7f0000014e7a Serializing object to XML.
2020-10-13 08:59:10.682 DEBUG processModel 1590 0002e44a-8617-8000-fc12-7f0000014e7a Object transported.
2020-10-13 08:59:10.684 DEBUG processModel 1680 0002e450-04be-8000-fcb2-7f0000014e7a Begin transport.
2020-10-13 08:59:10.684 DEBUG processModel 1680 0002e450-04be-8000-fcb2-7f0000014e7a Retrieving object data.
2020-10-13 08:59:10.758 DEBUG processModel 1680 0002e450-04be-8000-fcb2-7f0000014e7a Setting uuids of object references.
2020-10-13 08:59:10.758 DEBUG processModel 1680 0002e450-04be-8000-fcb2-7f0000014e7a Processing reference: ProcessModelHaul.folderId
2020-10-13 08:59:10.76 DEBUG processModel 1680 0002e450-04be-8000-fcb2-7f0000014e7a Processing reference: ProcessModelHaul.modelDashboardPageId
2020-10-13 08:59:10.76 DEBUG processModel 1680 0002e450-04be-8000-fcb2-7f0000014e7a Processing reference: ProcessModelHaul.processDashboardPageId
2020-10-13 08:59:10.761 DEBUG processModel 1680 0002e450-04be-8000-fcb2-7f0000014e7a Processing reference: ProcessModel.emailAttachmentFolderId
2020-10-13 08:59:10.761 DEBUG processModel 1680 0002e450-04be-8000-fcb2-7f0000014e7a Processing reference: InternalForm.docId
2020-10-13 08:59:10.761 DEBUG processModel 1680 0002e450-04be-8000-fcb2-7f0000014e7a Processing reference: InternalForm.docId
2020-10-13 08:59:10.762 DEBUG processModel 1680 0002e450-04be-8000-fcb2-7f0000014e7a Processing reference: 4097 Shivanshoo
2020-10-13 08:59:10.763 DEBUG processModel 1680 0002e450-04be-8000-fcb2-7f0000014e7a Processing reference: ActivityClassParameter[name=pmID,it=23,v=<null>]
2020-10-13 08:59:10.763 DEBUG processModel 1680 0002e450-04be-8000-fcb2-7f0000014e7a Processing reference: ActivityClassParameter[name=inMap,it=111,v={}]
2020-10-13 08:59:10.763 DEBUG processModel 1680 0002e450-04be-8000-fcb2-7f0000014e7a Processing reference: ActivityClassParameter[name=procInheritsPriority,it=1,v=1]
2020-10-13 08:59:10.763 DEBUG processModel 1680 0002e450-04be-8000-fcb2-7f0000014e7a Processing reference: ActivityClassParameter[name=pmUUID,it=3,v=]
2020-10-13 08:59:10.763 DEBUG processModel 1680 0002e450-04be-8000-fcb2-7f0000014e7a Processing reference: ActivityClassParameter[name=isAsynchronous,it=26,v=1]
2020-10-13 08:59:10.763 DEBUG processModel 1680 0002e450-04be-8000-fcb2-7f0000014e7a Processing reference: ActivityClassParameter[name=isTransparent,it=26,v=1]
2020-10-13 08:59:10.764 DEBUG processModel 1680 0002e450-04be-8000-fcb2-7f0000014e7a Processing reference: ActivityClassParameter[name=inheritSecurity,it=26,v=0]
2020-10-13 08:59:10.764 DEBUG processModel 1680 0002e450-04be-8000-fcb2-7f0000014e7a Processing reference: ActivityClassParameter[name=pmID,it=23,v=<null>]
2020-10-13 08:59:10.764 DEBUG processModel 1680 0002e450-04be-8000-fcb2-7f0000014e7a Processing reference: ActivityClassParameter[name=inMap,it=111,v={}]
2020-10-13 08:59:10.764 DEBUG processModel 1680 0002e450-04be-8000-fcb2-7f0000014e7a Processing reference: ActivityClassParameter[name=procInheritsPriority,it=1,v=1]
2020-10-13 08:59:10.764 DEBUG processModel 1680 0002e450-04be-8000-fcb2-7f0000014e7a Processing reference: ActivityClassParameter[name=pmUUID,it=3,v=]
2020-10-13 08:59:10.764 DEBUG processModel 1680 0002e450-04be-8000-fcb2-7f0000014e7a Processing reference: ActivityClassParameter[name=isAsynchronous,it=26,v=1]
2020-10-13 08:59:10.764 DEBUG processModel 1680 0002e450-04be-8000-fcb2-7f0000014e7a Processing reference: ActivityClassParameter[name=isTransparent,it=26,v=1]
2020-10-13 08:59:10.764 DEBUG processModel 1680 0002e450-04be-8000-fcb2-7f0000014e7a Processing reference: ActivityClassParameter[name=inheritSecurity,it=26,v=0]
2020-10-13 08:59:10.764 DEBUG processModel 1680 0002e450-04be-8000-fcb2-7f0000014e7a Processing reference: ActivityClassParameter[name=defaultNode,it=1,v=5]
2020-10-13 08:59:10.764 DEBUG processModel 1680 0002e450-04be-8000-fcb2-7f0000014e7a Processing reference: ActivityClassParameter[name=rules,it=111,v={ActivityClassParameter[name=rule,it=11,v={ActivityClassParameter[name=expression,it=26,v=<null>],ActivityClassParameter[name=node,it=1,v=3],ActivityClassParameter[name=label,it=3,v=]}],ActivityClassParameter[name=rule,it=11,v={ActivityClassParameter[name=expression,it=26,v=<null>],ActivityClassParameter[name=node,it=1,v=5],ActivityClassParameter[name=label,it=3,v=]}]}]
2020-10-13 08:59:10.764 DEBUG processModel 1680 0002e450-04be-8000-fcb2-7f0000014e7a Processing reference: ActivityClassParameter[name=fired,it=1,v=0]
2020-10-13 08:59:10.764 DEBUG processModel 1680 0002e450-04be-8000-fcb2-7f0000014e7a Processing reference: ActivityClassParameter[name=arrivedNodes,it=101,v=<null>]
2020-10-13 08:59:10.764 DEBUG processModel 1680 0002e450-04be-8000-fcb2-7f0000014e7a Processing reference: ActivityClassParameter[name=accountToWrite,it=5358,v=<null>]
2020-10-13 08:59:10.764 DEBUG processModel 1680 0002e450-04be-8000-fcb2-7f0000014e7a Processing reference: FormElement[label=Question1]
2020-10-13 08:59:10.764 DEBUG processModel 1680 0002e450-04be-8000-fcb2-7f0000014e7a Processing reference: InternalForm.docId
2020-10-13 08:59:10.764 DEBUG processModel 1680 0002e450-04be-8000-fcb2-7f0000014e7a Processing reference: FormElement[label=Question1]
2020-10-13 08:59:10.765 DEBUG processModel 1680 0002e450-04be-8000-fcb2-7f0000014e7a Processing reference: InternalForm.docId
2020-10-13 08:59:10.765 DEBUG processModel 1680 0002e450-04be-8000-fcb2-7f0000014e7a Processing reference: ActivityClassParameter[name=DataStoreEntity,it=81,v=7d3a0dd4-d118-4c4d-a7e5-ac8120b5c613@20338]
2020-10-13 08:59:10.767 DEBUG processModel 1680 0002e450-04be-8000-fcb2-7f0000014e7a Processing reference: ActivityClassParameter[name=StoredValues,it=197,v=<null>]
2020-10-13 08:59:10.767 DEBUG processModel 1680 0002e450-04be-8000-fcb2-7f0000014e7a Processing reference: ProcessVariable[name=BAM_Account,it=5358,v=<null>]
2020-10-13 08:59:10.768 DEBUG processModel 1680 0002e450-04be-8000-fcb2-7f0000014e7a Processing reference: ProcessVariable[name=cancel,it=26,v=<null>]
2020-10-13 08:59:10.768 DEBUG processModel 1680 0002e450-04be-8000-fcb2-7f0000014e7a Processing reference: com.appiancorp.suiteapi.process.ProcessRoleMap@1680aa8c[
  Role[name=ADMIN_OWNER,usernames=[Shivanshoo]]
  Role[name=EDITOR]
  Role[name=EXPLICIT_NONMEMBER]
  Role[name=VIEWER]
  Role[name=MANAGER]
  Role[name=INITIATOR]
]
2020-10-13 08:59:10.768 DEBUG processModel 1680 0002e450-04be-8000-fcb2-7f0000014e7a Processing reference: Role[name=ADMIN_OWNER,usernames=[Shivanshoo]]
2020-10-13 08:59:10.769 DEBUG processModel 1680 0002e450-04be-8000-fcb2-7f0000014e7a Processing reference: Role[name=EDITOR]
2020-10-13 08:59:10.769 DEBUG processModel 1680 0002e450-04be-8000-fcb2-7f0000014e7a Processing reference: Role[name=EXPLICIT_NONMEMBER]
2020-10-13 08:59:10.769 DEBUG processModel 1680 0002e450-04be-8000-fcb2-7f0000014e7a Processing reference: Role[name=VIEWER]
2020-10-13 08:59:10.769 DEBUG processModel 1680 0002e450-04be-8000-fcb2-7f0000014e7a Processing reference: Role[name=MANAGER]
2020-10-13 08:59:10.769 DEBUG processModel 1680 0002e450-04be-8000-fcb2-7f0000014e7a Processing reference: Role[name=INITIATOR]
2020-10-13 08:59:10.772 DEBUG processModel 1680 0002e450-04be-8000-fcb2-7f0000014e7a Completing produce.
2020-10-13 08:59:10.772 DEBUG processModel 1680 0002e450-04be-8000-fcb2-7f0000014e7a Exporting binary resources.
2020-10-13 08:59:10.772 DEBUG processModel 1680 0002e450-04be-8000-fcb2-7f0000014e7a Serializing object to XML.
2020-10-13 08:59:10.785 DEBUG processModel 1680 0002e450-04be-8000-fcb2-7f0000014e7a Object transported.
2020-10-13 08:59:10.787 DEBUG recordType 128 c51ac653-5ea6-4d38-bb92-e7ff39cf321b Begin transport.
2020-10-13 08:59:10.787 DEBUG recordType 128 c51ac653-5ea6-4d38-bb92-e7ff39cf321b Retrieving object data.
2020-10-13 08:59:10.816 DEBUG recordType 128 c51ac653-5ea6-4d38-bb92-e7ff39cf321b Setting uuids of object references.
2020-10-13 08:59:10.816 DEBUG recordType 128 c51ac653-5ea6-4d38-bb92-e7ff39cf321b Processing reference: RecordTypeDefinition.dataSrcExpr
2020-10-13 08:59:10.816 DEBUG recordType 128 c51ac653-5ea6-4d38-bb92-e7ff39cf321b Processing reference: RecordTypeDefinition.defaultFilters
2020-10-13 08:59:10.816 DEBUG recordType 128 c51ac653-5ea6-4d38-bb92-e7ff39cf321b Processing reference: RecordTypeDefinition.defaultFiltersExpr
2020-10-13 08:59:10.816 DEBUG recordType 128 c51ac653-5ea6-4d38-bb92-e7ff39cf321b Processing reference: DetailViewCfg.headerExpr
2020-10-13 08:59:10.816 DEBUG recordType 128 c51ac653-5ea6-4d38-bb92-e7ff39cf321b Processing reference: DetailViewCfg.nameExpr
2020-10-13 08:59:10.816 DEBUG recordType 128 c51ac653-5ea6-4d38-bb92-e7ff39cf321b Processing reference: DetailViewCfg.uiExpr
2020-10-13 08:59:10.821 DEBUG recordType 128 c51ac653-5ea6-4d38-bb92-e7ff39cf321b Processing reference: DetailViewCfg.visibilityExpr
2020-10-13 08:59:10.821 DEBUG recordType 128 c51ac653-5ea6-4d38-bb92-e7ff39cf321b Processing reference: RecordTypeDefinition.facetsListExpr
2020-10-13 08:59:10.822 DEBUG recordType 128 c51ac653-5ea6-4d38-bb92-e7ff39cf321b Processing reference: FieldCfg.defaultOptionExpr
2020-10-13 08:59:10.822 DEBUG recordType 128 c51ac653-5ea6-4d38-bb92-e7ff39cf321b Processing reference: FieldCfg.facetLabelExpr
2020-10-13 08:59:10.822 DEBUG recordType 128 c51ac653-5ea6-4d38-bb92-e7ff39cf321b Processing reference: FacetOptionCfg.labelExpr
2020-10-13 08:59:10.823 DEBUG recordType 128 c51ac653-5ea6-4d38-bb92-e7ff39cf321b Processing reference: FacetOptionCfg.lowerLimitExpr
2020-10-13 08:59:10.823 DEBUG recordType 128 c51ac653-5ea6-4d38-bb92-e7ff39cf321b Processing reference: FacetOptionCfg.upperLimitExpr
2020-10-13 08:59:10.823 DEBUG recordType 128 c51ac653-5ea6-4d38-bb92-e7ff39cf321b Processing reference: FacetOptionCfg.values
2020-10-13 08:59:10.823 DEBUG recordType 128 c51ac653-5ea6-4d38-bb92-e7ff39cf321b Processing reference: FacetOptionCfg.labelExpr
2020-10-13 08:59:10.823 DEBUG recordType 128 c51ac653-5ea6-4d38-bb92-e7ff39cf321b Processing reference: FacetOptionCfg.lowerLimitExpr
2020-10-13 08:59:10.823 DEBUG recordType 128 c51ac653-5ea6-4d38-bb92-e7ff39cf321b Processing reference: FacetOptionCfg.upperLimitExpr
2020-10-13 08:59:10.823 DEBUG recordType 128 c51ac653-5ea6-4d38-bb92-e7ff39cf321b Processing reference: FacetOptionCfg.values
2020-10-13 08:59:10.823 DEBUG recordType 128 c51ac653-5ea6-4d38-bb92-e7ff39cf321b Processing reference: FieldCfg.visibilityExpr
2020-10-13 08:59:10.824 DEBUG recordType 128 c51ac653-5ea6-4d38-bb92-e7ff39cf321b Processing reference: FieldCfg.defaultOptionExpr
2020-10-13 08:59:10.824 DEBUG recordType 128 c51ac653-5ea6-4d38-bb92-e7ff39cf321b Processing reference: FieldCfg.facetLabelExpr
2020-10-13 08:59:10.824 DEBUG recordType 128 c51ac653-5ea6-4d38-bb92-e7ff39cf321b Processing reference: FacetOptionCfg.labelExpr
2020-10-13 08:59:10.824 DEBUG recordType 128 c51ac653-5ea6-4d38-bb92-e7ff39cf321b Processing reference: FacetOptionCfg.lowerLimitExpr
2020-10-13 08:59:10.824 DEBUG recordType 128 c51ac653-5ea6-4d38-bb92-e7ff39cf321b Processing reference: FacetOptionCfg.upperLimitExpr
2020-10-13 08:59:10.824 DEBUG recordType 128 c51ac653-5ea6-4d38-bb92-e7ff39cf321b Processing reference: FacetOptionCfg.values
2020-10-13 08:59:10.824 DEBUG recordType 128 c51ac653-5ea6-4d38-bb92-e7ff39cf321b Processing reference: FacetOptionCfg.labelExpr
2020-10-13 08:59:10.824 DEBUG recordType 128 c51ac653-5ea6-4d38-bb92-e7ff39cf321b Processing reference: FacetOptionCfg.lowerLimitExpr
2020-10-13 08:59:10.824 DEBUG recordType 128 c51ac653-5ea6-4d38-bb92-e7ff39cf321b Processing reference: FacetOptionCfg.upperLimitExpr
2020-10-13 08:59:10.824 DEBUG recordType 128 c51ac653-5ea6-4d38-bb92-e7ff39cf321b Processing reference: FacetOptionCfg.values
2020-10-13 08:59:10.824 DEBUG recordType 128 c51ac653-5ea6-4d38-bb92-e7ff39cf321b Processing reference: FieldCfg.visibilityExpr
2020-10-13 08:59:10.824 DEBUG recordType 128 c51ac653-5ea6-4d38-bb92-e7ff39cf321b Processing reference: RecordTypeDefinition.listViewSrcExpr
2020-10-13 08:59:10.824 DEBUG recordType 128 c51ac653-5ea6-4d38-bb92-e7ff39cf321b Processing reference: RecordTypeDefinition.listViewTemplateExpr
2020-10-13 08:59:10.824 DEBUG recordType 128 c51ac653-5ea6-4d38-bb92-e7ff39cf321b Processing reference: RecordTypeDefinition.recordViewSrcExpr
2020-10-13 08:59:10.824 DEBUG recordType 128 c51ac653-5ea6-4d38-bb92-e7ff39cf321b Processing reference: RelatedActionCfg.contextExpr
2020-10-13 08:59:10.825 DEBUG recordType 128 c51ac653-5ea6-4d38-bb92-e7ff39cf321b Processing reference: RelatedActionCfg.target
2020-10-13 08:59:10.827 DEBUG recordType 128 c51ac653-5ea6-4d38-bb92-e7ff39cf321b Processing reference: RelatedActionCfg.visibilityExpr
2020-10-13 08:59:10.827 DEBUG recordType 128 c51ac653-5ea6-4d38-bb92-e7ff39cf321b Processing reference: RecordTypeDefinition.source
2020-10-13 08:59:10.831 DEBUG recordType 128 c51ac653-5ea6-4d38-bb92-e7ff39cf321b Processing reference: RecordTypeDefinition.titleExpr
2020-10-13 08:59:10.831 DEBUG recordType 128 c51ac653-5ea6-4d38-bb92-e7ff39cf321b Processing reference: Role[name=record_type_administrator,usernames=[Shivanshoo]]
2020-10-13 08:59:10.832 DEBUG recordType 128 c51ac653-5ea6-4d38-bb92-e7ff39cf321b Completing produce.
2020-10-13 08:59:10.832 DEBUG recordType 128 c51ac653-5ea6-4d38-bb92-e7ff39cf321b Exporting binary resources.
2020-10-13 08:59:10.832 DEBUG recordType 128 c51ac653-5ea6-4d38-bb92-e7ff39cf321b Serializing object to XML.
2020-10-13 08:59:10.84 DEBUG recordType 128 c51ac653-5ea6-4d38-bb92-e7ff39cf321b Object transported.
2020-10-13 08:59:10.841 DEBUG tempoReport 154 d417f9c3-f34a-41c3-bbd9-c4c89b0c639d Begin transport.
2020-10-13 08:59:10.841 DEBUG tempoReport 154 d417f9c3-f34a-41c3-bbd9-c4c89b0c639d Retrieving object data.
2020-10-13 08:59:10.855 DEBUG tempoReport 154 d417f9c3-f34a-41c3-bbd9-c4c89b0c639d Setting uuids of object references.
2020-10-13 08:59:10.856 DEBUG tempoReport 154 d417f9c3-f34a-41c3-bbd9-c4c89b0c639d Processing reference: Role[name=report_administrator,usernames=[Shivanshoo]]
2020-10-13 08:59:10.858 DEBUG tempoReport 154 d417f9c3-f34a-41c3-bbd9-c4c89b0c639d Processing reference: UiContainer.uiExpr
2020-10-13 08:59:10.862 DEBUG tempoReport 154 d417f9c3-f34a-41c3-bbd9-c4c89b0c639d Completing produce.
2020-10-13 08:59:10.862 DEBUG tempoReport 154 d417f9c3-f34a-41c3-bbd9-c4c89b0c639d Exporting binary resources.
2020-10-13 08:59:10.862 DEBUG tempoReport 154 d417f9c3-f34a-41c3-bbd9-c4c89b0c639d Serializing object to XML.
2020-10-13 08:59:10.868 DEBUG tempoReport 154 d417f9c3-f34a-41c3-bbd9-c4c89b0c639d Object transported.
2020-10-13 08:59:10.869 DEBUG site 89 00f9eeaa-4493-4c53-a7f5-81aa1d8bcb15 Begin transport.
2020-10-13 08:59:10.869 DEBUG site 89 00f9eeaa-4493-4c53-a7f5-81aa1d8bcb15 Retrieving object data.
2020-10-13 08:59:10.88 DEBUG site 89 00f9eeaa-4493-4c53-a7f5-81aa1d8bcb15 Setting uuids of object references.
2020-10-13 08:59:10.88 DEBUG site 89 00f9eeaa-4493-4c53-a7f5-81aa1d8bcb15 Processing reference: Role[name=site_administrator,usernames=[Shivanshoo]]
2020-10-13 08:59:10.881 DEBUG site 89 00f9eeaa-4493-4c53-a7f5-81aa1d8bcb15 Processing reference: SiteTemplate.accentColorExpr
2020-10-13 08:59:10.881 DEBUG site 89 00f9eeaa-4493-4c53-a7f5-81aa1d8bcb15 Processing reference: SiteTemplate.faviconExpr
2020-10-13 08:59:10.881 DEBUG site 89 00f9eeaa-4493-4c53-a7f5-81aa1d8bcb15 Processing reference: SiteTemplate.faviconRef
2020-10-13 08:59:10.881 DEBUG site 89 00f9eeaa-4493-4c53-a7f5-81aa1d8bcb15 Processing reference: SiteTemplate.headerBackgroundColorExpr
2020-10-13 08:59:10.881 DEBUG site 89 00f9eeaa-4493-4c53-a7f5-81aa1d8bcb15 Processing reference: SiteTemplate.logoExpr
2020-10-13 08:59:10.881 DEBUG site 89 00f9eeaa-4493-4c53-a7f5-81aa1d8bcb15 Processing reference: SiteTemplate.logoRef
2020-10-13 08:59:10.881 DEBUG site 89 00f9eeaa-4493-4c53-a7f5-81aa1d8bcb15 Processing reference: SitePage.uiObject
2020-10-13 08:59:10.885 DEBUG site 89 00f9eeaa-4493-4c53-a7f5-81aa1d8bcb15 Processing reference: SitePage.visibilityExpr
2020-10-13 08:59:10.885 DEBUG site 89 00f9eeaa-4493-4c53-a7f5-81aa1d8bcb15 Processing reference: SitePage.uiObject
2020-10-13 08:59:10.887 DEBUG site 89 00f9eeaa-4493-4c53-a7f5-81aa1d8bcb15 Processing reference: SitePage.visibilityExpr
2020-10-13 08:59:10.887 DEBUG site 89 00f9eeaa-4493-4c53-a7f5-81aa1d8bcb15 Processing reference: SiteTemplate.selectedTabBackgroundColorExpr
2020-10-13 08:59:10.887 DEBUG site 89 00f9eeaa-4493-4c53-a7f5-81aa1d8bcb15 Processing reference: SiteTemplate.tasksInSitesViewerRefsFromUuids
2020-10-13 08:59:10.887 DEBUG site 89 00f9eeaa-4493-4c53-a7f5-81aa1d8bcb15 Processing reference: SiteTemplate.tempoLinkViewerRefsFromUuids
2020-10-13 08:59:10.887 DEBUG site 89 00f9eeaa-4493-4c53-a7f5-81aa1d8bcb15 Completing produce.
2020-10-13 08:59:10.887 DEBUG site 89 00f9eeaa-4493-4c53-a7f5-81aa1d8bcb15 Exporting binary resources.
2020-10-13 08:59:10.887 DEBUG site 89 00f9eeaa-4493-4c53-a7f5-81aa1d8bcb15 Serializing object to XML.
2020-10-13 08:59:10.893 DEBUG site 89 00f9eeaa-4493-4c53-a7f5-81aa1d8bcb15 Object transported.
2020-10-13 08:59:10.893 DEBUG application 20335 _a-0000e3b8-2279-8000-9ba4-011c48011c48_135193 Completing produce.
2020-10-13 08:59:10.893 DEBUG application 20335 _a-0000e3b8-2279-8000-9ba4-011c48011c48_135193 Exporting binary resources.
2020-10-13 08:59:10.893 DEBUG application 20335 _a-0000e3b8-2279-8000-9ba4-011c48011c48_135193 Serializing object to XML.
2020-10-13 08:59:10.899 DEBUG application 20335 _a-0000e3b8-2279-8000-9ba4-011c48011c48_135193 Object transported.
